TN:
SF:/Library/Developer/CommandLineTools/SDKs/MacOSX10.14.sdk/usr/include/_ctype.h
FN:135,_Z7isasciii
FN:153,_Z8__istypeim
FN:267,_Z7isspacei
FN:292,_Z7toloweri
FNDA:0,_Z7isasciii
FNDA:0,_Z8__istypeim
FNDA:0,_Z7isspacei
FNDA:216,_Z7toloweri
FNF:4
FNH:1
DA:137,0
DA:158,0
DA:159,0
DA:269,0
DA:294,216
LF:5
LH:1
end_of_record
SF:/Library/Developer/CommandLineTools/SDKs/MacOSX10.14.sdk/usr/include/math.h
FN:199,__inline_isinff
FN:208,__inline_isnanf
FNDA:0,__inline_isinff
FNDA:561,__inline_isnanf
FNF:2
FNH:1
DA:200,0
DA:209,561
LF:2
LH:1
end_of_record
SF:/Library/Developer/CommandLineTools/usr/include/c++/v1/__functional_base
FN:54,_ZNKSt3__14lessINS_12basic_stringIcNS_11char_traitsIcEENS_9allocatorIcEEEEEclERKS6_S9_
FNDA:2226,_ZNKSt3__14lessINS_12basic_stringIcNS_11char_traitsIcEENS_9allocatorIcEEEEEclERKS6_S9_
FNF:1
FNH:1
DA:55,2226
LF:1
LH:1
end_of_record
SF:/Library/Developer/CommandLineTools/usr/include/c++/v1/__locale
FN:224,_ZNSt3__1L9has_facetINS_7codecvtIcc11__mbstate_tEEEEbRKNS_6localeE
FN:232,_ZNSt3__1L9use_facetINS_5ctypeIcEEEERKT_RKNS_6localeE
FN:232,_ZNSt3__1L9use_facetINS_7codecvtIcc11__mbstate_tEEEERKT_RKNS_6localeE
FN:647,_ZNKSt3__15ctypeIcE5widenEc
FN:882,_ZNKSt3__17codecvtIcc11__mbstate_tE3outERS1_PKcS5_RS5_PcS7_RS7_
FN:890,_ZNKSt3__17codecvtIcc11__mbstate_tE7unshiftERS1_PcS4_RS4_
FN:897,_ZNKSt3__17codecvtIcc11__mbstate_tE2inERS1_PKcS5_RS5_PcS7_RS7_
FN:905,_ZNKSt3__17codecvtIcc11__mbstate_tE8encodingEv
FN:911,_ZNKSt3__17codecvtIcc11__mbstate_tE13always_noconvEv
FN:917,_ZNKSt3__17codecvtIcc11__mbstate_tE6lengthERS1_PKcS5_m
FNDA:11,_ZNSt3__1L9has_facetINS_7codecvtIcc11__mbstate_tEEEEbRKNS_6localeE
FNDA:11,_ZNSt3__1L9use_facetINS_7codecvtIcc11__mbstate_tEEEERKT_RKNS_6localeE
FNDA:95,_ZNSt3__1L9use_facetINS_5ctypeIcEEEERKT_RKNS_6localeE
FNDA:95,_ZNKSt3__15ctypeIcE5widenEc
FNDA:0,_ZNKSt3__17codecvtIcc11__mbstate_tE3outERS1_PKcS5_RS5_PcS7_RS7_
FNDA:0,_ZNKSt3__17codecvtIcc11__mbstate_tE7unshiftERS1_PcS4_RS4_
FNDA:0,_ZNKSt3__17codecvtIcc11__mbstate_tE2inERS1_PKcS5_RS5_PcS7_RS7_
FNDA:32,_ZNKSt3__17codecvtIcc11__mbstate_tE8encodingEv
FNDA:11,_ZNKSt3__17codecvtIcc11__mbstate_tE13always_noconvEv
FNDA:0,_ZNKSt3__17codecvtIcc11__mbstate_tE6lengthERS1_PKcS5_m
FNF:10
FNH:6
DA:226,22
DA:234,106
DA:649,95
DA:886,0
DA:893,0
DA:901,0
DA:907,32
DA:913,11
DA:919,0
LF:9
LH:5
end_of_record
SF:/Library/Developer/CommandLineTools/usr/include/c++/v1/__split_buffer
FN:56,_ZNSt3__114__split_bufferINS_12basic_stringIcNS_11char_traitsIcEENS_9allocatorIcEEEERNS4_IS6_EEE7__allocEv
FN:56,_ZNSt3__114__split_bufferIfRNS_9allocatorIfEEE7__allocEv
FN:56,_ZNSt3__114__split_bufferINS_6vectorINS_12basic_stringIcNS_11char_traitsIcEENS_9allocatorIcEEEENS5_IS7_EEEERNS5_IS9_EEE7__allocEv
FN:58,_ZNSt3__114__split_bufferINS_6vectorINS_12basic_stringIcNS_11char_traitsIcEENS_9allocatorIcEEEENS5_IS7_EEEERNS5_IS9_EEE9__end_capEv
FN:58,_ZNSt3__114__split_bufferIfRNS_9allocatorIfEEE9__end_capEv
FN:58,_ZNSt3__114__split_bufferINS_12basic_stringIcNS_11char_traitsIcEENS_9allocatorIcEEEERNS4_IS6_EEE9__end_capEv
FN:59,_ZNKSt3__114__split_bufferIfRNS_9allocatorIfEEE9__end_capEv
FN:59,_ZNKSt3__114__split_bufferINS_12basic_stringIcNS_11char_traitsIcEENS_9allocatorIcEEEERNS4_IS6_EEE9__end_capEv
FN:59,_ZNKSt3__114__split_bufferINS_6vectorINS_12basic_stringIcNS_11char_traitsIcEENS_9allocatorIcEEEENS5_IS7_EEEERNS5_IS9_EEE9__end_capEv
FN:87,_ZNSt3__114__split_bufferINS_6vectorINS_12basic_stringIcNS_11char_traitsIcEENS_9allocatorIcEEEENS5_IS7_EEEERNS5_IS9_EEE5clearEv
FN:87,_ZNSt3__114__split_bufferINS_12basic_stringIcNS_11char_traitsIcEENS_9allocatorIcEEEERNS4_IS6_EEE5clearEv
FN:87,_ZNSt3__114__split_bufferIfRNS_9allocatorIfEEE5clearEv
FN:91,_ZNKSt3__114__split_bufferIfRNS_9allocatorIfEEE8capacityEv
FN:91,_ZNKSt3__114__split_bufferINS_6vectorINS_12basic_stringIcNS_11char_traitsIcEENS_9allocatorIcEEEENS5_IS7_EEEERNS5_IS9_EEE8capacityEv
FN:91,_ZNKSt3__114__split_bufferINS_12basic_stringIcNS_11char_traitsIcEENS_9allocatorIcEEEERNS4_IS6_EEE8capacityEv
FN:140,_ZNSt3__114__split_bufferINS_12basic_stringIcNS_11char_traitsIcEENS_9allocatorIcEEEERNS4_IS6_EEE17__destruct_at_endEPS6_
FN:140,_ZNSt3__114__split_bufferIfRNS_9allocatorIfEEE17__destruct_at_endEPf
FN:140,_ZNSt3__114__split_bufferINS_6vectorINS_12basic_stringIcNS_11char_traitsIcEENS_9allocatorIcEEEENS5_IS7_EEEERNS5_IS9_EEE17__destruct_at_endEPS9_
FN:198,_ZNSt3__114__split_bufferIfRNS_9allocatorIfEEE18__construct_at_endEm
FN:198,_ZNSt3__114__split_bufferINS_12basic_stringIcNS_11char_traitsIcEENS_9allocatorIcEEEERNS4_IS6_EEE18__construct_at_endEm
FN:293,_ZNSt3__114__split_bufferIfRNS_9allocatorIfEEE17__destruct_at_endEPfNS_17integral_constantIbLb0EEE
FN:293,_ZNSt3__114__split_bufferINS_6vectorINS_12basic_stringIcNS_11char_traitsIcEENS_9allocatorIcEEEENS5_IS7_EEEERNS5_IS9_EEE17__destruct_at_endEPS9_NS_17integral_constantIbLb0EEE
FN:293,_ZNSt3__114__split_bufferINS_12basic_stringIcNS_11char_traitsIcEENS_9allocatorIcEEEERNS4_IS6_EEE17__destruct_at_endEPS6_NS_17integral_constantIbLb0EEE
FN:308,_ZNSt3__114__split_bufferIfRNS_9allocatorIfEEEC1EmmS3_
FN:308,_ZNSt3__114__split_bufferINS_6vectorINS_12basic_stringIcNS_11char_traitsIcEENS_9allocatorIcEEEENS5_IS7_EEEERNS5_IS9_EEEC2EmmSB_
FN:308,_ZNSt3__114__split_bufferINS_6vectorINS_12basic_stringIcNS_11char_traitsIcEENS_9allocatorIcEEEENS5_IS7_EEEERNS5_IS9_EEEC1EmmSB_
FN:308,_ZNSt3__114__split_bufferIfRNS_9allocatorIfEEEC2EmmS3_
FN:308,_ZNSt3__114__split_bufferINS_12basic_stringIcNS_11char_traitsIcEENS_9allocatorIcEEEERNS4_IS6_EEEC2EmmS8_
FN:308,_ZNSt3__114__split_bufferINS_12basic_stringIcNS_11char_traitsIcEENS_9allocatorIcEEEERNS4_IS6_EEEC1EmmS8_
FN:339,_ZNSt3__114__split_bufferINS_6vectorINS_12basic_stringIcNS_11char_traitsIcEENS_9allocatorIcEEEENS5_IS7_EEEERNS5_IS9_EEED2Ev
FN:339,_ZNSt3__114__split_bufferINS_6vectorINS_12basic_stringIcNS_11char_traitsIcEENS_9allocatorIcEEEENS5_IS7_EEEERNS5_IS9_EEED1Ev
FN:339,_ZNSt3__114__split_bufferINS_12basic_stringIcNS_11char_traitsIcEENS_9allocatorIcEEEERNS4_IS6_EEED2Ev
FN:339,_ZNSt3__114__split_bufferINS_12basic_stringIcNS_11char_traitsIcEENS_9allocatorIcEEEERNS4_IS6_EEED1Ev
FN:339,_ZNSt3__114__split_bufferIfRNS_9allocatorIfEEED1Ev
FN:339,_ZNSt3__114__split_bufferIfRNS_9allocatorIfEEED2Ev
FNDA:310,_ZNSt3__114__split_bufferINS_12basic_stringIcNS_11char_traitsIcEENS_9allocatorIcEEEERNS4_IS6_EEE7__allocEv
FNDA:234,_ZNSt3__114__split_bufferINS_6vectorINS_12basic_stringIcNS_11char_traitsIcEENS_9allocatorIcEEEENS5_IS7_EEEERNS5_IS9_EEE7__allocEv
FNDA:1064,_ZNSt3__114__split_bufferIfRNS_9allocatorIfEEE7__allocEv
FNDA:134,_ZNSt3__114__split_bufferINS_12basic_stringIcNS_11char_traitsIcEENS_9allocatorIcEEEERNS4_IS6_EEE9__end_capEv
FNDA:82,_ZNSt3__114__split_bufferINS_6vectorINS_12basic_stringIcNS_11char_traitsIcEENS_9allocatorIcEEEENS5_IS7_EEEERNS5_IS9_EEE9__end_capEv
FNDA:470,_ZNSt3__114__split_bufferIfRNS_9allocatorIfEEE9__end_capEv
FNDA:53,_ZNKSt3__114__split_bufferINS_12basic_stringIcNS_11char_traitsIcEENS_9allocatorIcEEEERNS4_IS6_EEE9__end_capEv
FNDA:33,_ZNKSt3__114__split_bufferINS_6vectorINS_12basic_stringIcNS_11char_traitsIcEENS_9allocatorIcEEEENS5_IS7_EEEERNS5_IS9_EEE9__end_capEv
FNDA:184,_ZNKSt3__114__split_bufferIfRNS_9allocatorIfEEE9__end_capEv
FNDA:67,_ZNSt3__114__split_bufferINS_12basic_stringIcNS_11char_traitsIcEENS_9allocatorIcEEEERNS4_IS6_EEE5clearEv
FNDA:41,_ZNSt3__114__split_bufferINS_6vectorINS_12basic_stringIcNS_11char_traitsIcEENS_9allocatorIcEEEENS5_IS7_EEEERNS5_IS9_EEE5clearEv
FNDA:235,_ZNSt3__114__split_bufferIfRNS_9allocatorIfEEE5clearEv
FNDA:53,_ZNKSt3__114__split_bufferINS_12basic_stringIcNS_11char_traitsIcEENS_9allocatorIcEEEERNS4_IS6_EEE8capacityEv
FNDA:33,_ZNKSt3__114__split_bufferINS_6vectorINS_12basic_stringIcNS_11char_traitsIcEENS_9allocatorIcEEEENS5_IS7_EEEERNS5_IS9_EEE8capacityEv
FNDA:184,_ZNKSt3__114__split_bufferIfRNS_9allocatorIfEEE8capacityEv
FNDA:67,_ZNSt3__114__split_bufferINS_12basic_stringIcNS_11char_traitsIcEENS_9allocatorIcEEEERNS4_IS6_EEE17__destruct_at_endEPS6_
FNDA:41,_ZNSt3__114__split_bufferINS_6vectorINS_12basic_stringIcNS_11char_traitsIcEENS_9allocatorIcEEEENS5_IS7_EEEERNS5_IS9_EEE17__destruct_at_endEPS9_
FNDA:235,_ZNSt3__114__split_bufferIfRNS_9allocatorIfEEE17__destruct_at_endEPf
FNDA:0,_ZNSt3__114__split_bufferINS_12basic_stringIcNS_11char_traitsIcEENS_9allocatorIcEEEERNS4_IS6_EEE18__construct_at_endEm
FNDA:0,_ZNSt3__114__split_bufferIfRNS_9allocatorIfEEE18__construct_at_endEm
FNDA:67,_ZNSt3__114__split_bufferINS_12basic_stringIcNS_11char_traitsIcEENS_9allocatorIcEEEERNS4_IS6_EEE17__destruct_at_endEPS6_NS_17integral_constantIbLb0EEE
FNDA:41,_ZNSt3__114__split_bufferINS_6vectorINS_12basic_stringIcNS_11char_traitsIcEENS_9allocatorIcEEEENS5_IS7_EEEERNS5_IS9_EEE17__destruct_at_endEPS9_NS_17integral_constantIbLb0EEE
FNDA:235,_ZNSt3__114__split_bufferIfRNS_9allocatorIfEEE17__destruct_at_endEPfNS_17integral_constantIbLb0EEE
FNDA:67,_ZNSt3__114__split_bufferINS_12basic_stringIcNS_11char_traitsIcEENS_9allocatorIcEEEERNS4_IS6_EEEC1EmmS8_
FNDA:67,_ZNSt3__114__split_bufferINS_12basic_stringIcNS_11char_traitsIcEENS_9allocatorIcEEEERNS4_IS6_EEEC2EmmS8_
FNDA:41,_ZNSt3__114__split_bufferINS_6vectorINS_12basic_stringIcNS_11char_traitsIcEENS_9allocatorIcEEEENS5_IS7_EEEERNS5_IS9_EEEC1EmmSB_
FNDA:41,_ZNSt3__114__split_bufferINS_6vectorINS_12basic_stringIcNS_11char_traitsIcEENS_9allocatorIcEEEENS5_IS7_EEEERNS5_IS9_EEEC2EmmSB_
FNDA:235,_ZNSt3__114__split_bufferIfRNS_9allocatorIfEEEC1EmmS3_
FNDA:235,_ZNSt3__114__split_bufferIfRNS_9allocatorIfEEEC2EmmS3_
FNDA:67,_ZNSt3__114__split_bufferINS_12basic_stringIcNS_11char_traitsIcEENS_9allocatorIcEEEERNS4_IS6_EEED1Ev
FNDA:67,_ZNSt3__114__split_bufferINS_12basic_stringIcNS_11char_traitsIcEENS_9allocatorIcEEEERNS4_IS6_EEED2Ev
FNDA:41,_ZNSt3__114__split_bufferINS_6vectorINS_12basic_stringIcNS_11char_traitsIcEENS_9allocatorIcEEEENS5_IS7_EEEERNS5_IS9_EEED1Ev
FNDA:41,_ZNSt3__114__split_bufferINS_6vectorINS_12basic_stringIcNS_11char_traitsIcEENS_9allocatorIcEEEENS5_IS7_EEEERNS5_IS9_EEED2Ev
FNDA:235,_ZNSt3__114__split_bufferIfRNS_9allocatorIfEEED1Ev
FNDA:235,_ZNSt3__114__split_bufferIfRNS_9allocatorIfEEED2Ev
FNF:35
FNH:33
DA:56,1608
DA:58,686
DA:59,270
DA:88,343
DA:91,270
DA:141,343
DA:200,0
DA:201,0
DA:203,0
DA:204,0
DA:205,0
DA:206,0
DA:207,0
DA:295,2676
DA:296,995
DA:297,343
DA:309,343
DA:310,686
DA:311,1029
DA:312,343
DA:313,343
DA:314,686
DA:340,343
DA:341,343
DA:342,343
DA:343,540
DA:344,686
LF:27
LH:20
end_of_record
SF:/Library/Developer/CommandLineTools/usr/include/c++/v1/__string
FN:208,_ZNSt3__111char_traitsIcE6assignERcRKc
FN:209,_ZNSt3__111char_traitsIcE2eqEcc
FN:217,_ZNSt3__111char_traitsIcE6lengthEPKc
FN:230,_ZNSt3__111char_traitsIcE7not_eofEi
FN:232,_ZNSt3__111char_traitsIcE12to_char_typeEi
FN:234,_ZNSt3__111char_traitsIcE11to_int_typeEc
FN:236,_ZNSt3__111char_traitsIcE11eq_int_typeEii
FN:238,_ZNSt3__111char_traitsIcE3eofEv
FN:244,_ZNSt3__111char_traitsIcE7compareEPKcS3_m
FN:266,_ZNSt3__111char_traitsIcE4findEPKcmRS2_
FN:652,_ZNSt3__118__search_substringIcNS_11char_traitsIcEEEEPKT_S5_S5_S5_S5_
FN:691,_ZNSt3__1L10__str_findIcmNS_11char_traitsIcEELm18446744073709551615EEET0_PKT_S3_S6_S3_S3_
FNDA:935,_ZNSt3__111char_traitsIcE6assignERcRKc
FNDA:0,_ZNSt3__111char_traitsIcE2eqEcc
FNDA:286,_ZNSt3__111char_traitsIcE6lengthEPKc
FNDA:0,_ZNSt3__111char_traitsIcE7not_eofEi
FNDA:0,_ZNSt3__111char_traitsIcE12to_char_typeEi
FNDA:16,_ZNSt3__111char_traitsIcE11to_int_typeEc
FNDA:214,_ZNSt3__111char_traitsIcE11eq_int_typeEii
FNDA:241,_ZNSt3__111char_traitsIcE3eofEv
FNDA:2226,_ZNSt3__111char_traitsIcE7compareEPKcS3_m
FNDA:0,_ZNSt3__111char_traitsIcE4findEPKcmRS2_
FNDA:2,_ZNSt3__118__search_substringIcNS_11char_traitsIcEEEEPKT_S5_S5_S5_S5_
FNDA:2,_ZNSt3__1L10__str_findIcmNS_11char_traitsIcEELm18446744073709551615EEET0_PKT_S3_S6_S3_S3_
FNF:12
FNH:8
DA:208,935
DA:210,0
DA:217,286
DA:231,0
DA:233,0
DA:235,16
DA:237,214
DA:239,482
DA:246,2226
DA:247,0
DA:249,2226
DA:262,2226
DA:268,0
DA:269,0
DA:271,0
DA:283,0
DA:656,2
DA:657,2
DA:658,0
DA:660,2
DA:661,2
DA:662,2
DA:665,0
DA:666,0
DA:667,0
DA:669,0
DA:670,0
DA:673,0
DA:674,0
DA:675,0
DA:682,0
DA:683,0
DA:685,0
DA:687,2
DA:694,2
DA:695,0
DA:697,2
DA:698,0
DA:700,4
DA:701,2
DA:703,2
DA:704,2
DA:705,0
DA:706,2
LF:44
LH:21
end_of_record
SF:/Library/Developer/CommandLineTools/usr/include/c++/v1/__tree
FN:73,_ZNSt3__1L20__tree_is_left_childIPNS_16__tree_node_baseIPvEEEEbT_
FN:139,_ZNSt3__1L10__tree_minIPNS_16__tree_node_baseIPvEEEET_S5_
FN:151,_ZNSt3__1L10__tree_maxIPNS_16__tree_node_baseIPvEEEET_S5_
FN:174,_ZNSt3__1L16__tree_next_iterIPNS_15__tree_end_nodeIPNS_16__tree_node_baseIPvEEEES5_EET_T0_
FN:189,_ZNSt3__1L16__tree_prev_iterIPNS_16__tree_node_baseIPvEEPNS_15__tree_end_nodeIS4_EEEET_T0_
FN:227,_ZNSt3__118__tree_left_rotateIPNS_16__tree_node_baseIPvEEEEvT_
FN:247,_ZNSt3__119__tree_right_rotateIPNS_16__tree_node_baseIPvEEEEvT_
FN:272,_ZNSt3__127__tree_balance_after_insertIPNS_16__tree_node_baseIPvEEEEvT_S5_
FN:590,_ZNSt3__122__tree_key_value_typesINS_12__value_typeINS_12basic_stringIcNS_11char_traitsIcEENS_9allocatorIcEEEEmEEE9__get_keyIKNS_4pairIKS7_mEEEENS_9enable_ifIXsr17__is_same_uncvrefIT_SD_EE5valueERSC_E4typeERSG_
FN:609,_ZNSt3__122__tree_key_value_typesINS_12__value_typeINS_12basic_stringIcNS_11char_traitsIcEENS_9allocatorIcEEEEmEEE9__get_ptrERS8_
FN:713,_ZNSt3__115__tree_end_nodeIPNS_16__tree_node_baseIPvEEEC1Ev
FN:713,_ZNSt3__115__tree_end_nodeIPNS_16__tree_node_baseIPvEEEC2Ev
FN:731,_ZNKSt3__116__tree_node_baseIPvE15__parent_unsafeEv
FN:734,_ZNSt3__116__tree_node_baseIPvE12__set_parentEPS2_
FN:778,_ZNSt3__122__tree_node_destructorINS_9allocatorINS_11__tree_nodeINS_12__value_typeINS_12basic_stringIcNS_11char_traitsIcEENS1_IcEEEEmEEPvEEEEEC1ERSC_b
FN:778,_ZNSt3__122__tree_node_destructorINS_9allocatorINS_11__tree_nodeINS_12__value_typeINS_12basic_stringIcNS_11char_traitsIcEENS1_IcEEEEmEEPvEEEEEC2ERSC_b
FN:784,_ZNSt3__122__tree_node_destructorINS_9allocatorINS_11__tree_nodeINS_12__value_typeINS_12basic_stringIcNS_11char_traitsIcEENS1_IcEEEEmEEPvEEEEEclEPSB_
FN:833,_ZNKSt3__115__tree_iteratorINS_12__value_typeINS_12basic_stringIcNS_11char_traitsIcEENS_9allocatorIcEEEEmEEPNS_11__tree_nodeIS8_PvEElEptEv
FN:865,_ZNSt3__115__tree_iteratorINS_12__value_typeINS_12basic_stringIcNS_11char_traitsIcEENS_9allocatorIcEEEEmEEPNS_11__tree_nodeIS8_PvEElEC1ESC_
FN:865,_ZNSt3__115__tree_iteratorINS_12__value_typeINS_12basic_stringIcNS_11char_traitsIcEENS_9allocatorIcEEEEmEEPNS_11__tree_nodeIS8_PvEElEC2ESC_
FN:867,_ZNSt3__115__tree_iteratorINS_12__value_typeINS_12basic_stringIcNS_11char_traitsIcEENS_9allocatorIcEEEEmEEPNS_11__tree_nodeIS8_PvEElEC2EPNS_15__tree_end_nodeIPNS_16__tree_node_baseISA_EEEE
FN:867,_ZNSt3__115__tree_iteratorINS_12__value_typeINS_12basic_stringIcNS_11char_traitsIcEENS_9allocatorIcEEEEmEEPNS_11__tree_nodeIS8_PvEElEC1EPNS_15__tree_end_nodeIPNS_16__tree_node_baseISA_EEEE
FN:869,_ZNKSt3__115__tree_iteratorINS_12__value_typeINS_12basic_stringIcNS_11char_traitsIcEENS_9allocatorIcEEEEmEEPNS_11__tree_nodeIS8_PvEElE8__get_npEv
FN:909,_ZNSt3__121__tree_const_iteratorINS_12__value_typeINS_12basic_stringIcNS_11char_traitsIcEENS_9allocatorIcEEEEmEEPNS_11__tree_nodeIS8_PvEElEC1ENS_15__tree_iteratorIS8_SC_lEE
FN:909,_ZNSt3__121__tree_const_iteratorINS_12__value_typeINS_12basic_stringIcNS_11char_traitsIcEENS_9allocatorIcEEEEmEEPNS_11__tree_nodeIS8_PvEElEC2ENS_15__tree_iteratorIS8_SC_lEE
FN:912,_ZNKSt3__121__tree_const_iteratorINS_12__value_typeINS_12basic_stringIcNS_11char_traitsIcEENS_9allocatorIcEEEEmEEPNS_11__tree_nodeIS8_PvEElEdeEv
FN:914,_ZNKSt3__121__tree_const_iteratorINS_12__value_typeINS_12basic_stringIcNS_11char_traitsIcEENS_9allocatorIcEEEEmEEPNS_11__tree_nodeIS8_PvEElEptEv
FN:918,_ZNSt3__121__tree_const_iteratorINS_12__value_typeINS_12basic_stringIcNS_11char_traitsIcEENS_9allocatorIcEEEEmEEPNS_11__tree_nodeIS8_PvEElEppEv
FN:929,_ZNSt3__121__tree_const_iteratorINS_12__value_typeINS_12basic_stringIcNS_11char_traitsIcEENS_9allocatorIcEEEEmEEPNS_11__tree_nodeIS8_PvEElEmmEv
FN:940,_ZNSt3__1eqERKNS_21__tree_const_iteratorINS_12__value_typeINS_12basic_stringIcNS_11char_traitsIcEENS_9allocatorIcEEEEmEEPNS_11__tree_nodeIS8_PvEElEESF_
FN:943,_ZNSt3__1neERKNS_21__tree_const_iteratorINS_12__value_typeINS_12basic_stringIcNS_11char_traitsIcEENS_9allocatorIcEEEEmEEPNS_11__tree_nodeIS8_PvEElEESF_
FN:951,_ZNSt3__121__tree_const_iteratorINS_12__value_typeINS_12basic_stringIcNS_11char_traitsIcEENS_9allocatorIcEEEEmEEPNS_11__tree_nodeIS8_PvEElEC1EPNS_15__tree_end_nodeIPNS_16__tree_node_baseISA_EEEE
FN:951,_ZNSt3__121__tree_const_iteratorINS_12__value_typeINS_12basic_stringIcNS_11char_traitsIcEENS_9allocatorIcEEEEmEEPNS_11__tree_nodeIS8_PvEElEC2EPNS_15__tree_end_nodeIPNS_16__tree_node_baseISA_EEEE
FN:954,_ZNKSt3__121__tree_const_iteratorINS_12__value_typeINS_12basic_stringIcNS_11char_traitsIcEENS_9allocatorIcEEEEmEEPNS_11__tree_nodeIS8_PvEElE8__get_npEv
FN:1032,_ZNSt3__16__treeINS_12__value_typeINS_12basic_stringIcNS_11char_traitsIcEENS_9allocatorIcEEEEmEENS_19__map_value_compareIS7_S8_NS_4lessIS7_EELb1EEENS5_IS8_EEE10__end_nodeEv
FN:1039,_ZNKSt3__16__treeINS_12__value_typeINS_12basic_stringIcNS_11char_traitsIcEENS_9allocatorIcEEEEmEENS_19__map_value_compareIS7_S8_NS_4lessIS7_EELb1EEENS5_IS8_EEE10__end_nodeEv
FN:1048,_ZNSt3__16__treeINS_12__value_typeINS_12basic_stringIcNS_11char_traitsIcEENS_9allocatorIcEEEEmEENS_19__map_value_compareIS7_S8_NS_4lessIS7_EELb1EEENS5_IS8_EEE12__node_allocEv
FN:1051,_ZNKSt3__16__treeINS_12__value_typeINS_12basic_stringIcNS_11char_traitsIcEENS_9allocatorIcEEEEmEENS_19__map_value_compareIS7_S8_NS_4lessIS7_EELb1EEENS5_IS8_EEE12__node_allocEv
FN:1054,_ZNSt3__16__treeINS_12__value_typeINS_12basic_stringIcNS_11char_traitsIcEENS_9allocatorIcEEEEmEENS_19__map_value_compareIS7_S8_NS_4lessIS7_EELb1EEENS5_IS8_EEE12__begin_nodeEv
FN:1056,_ZNKSt3__16__treeINS_12__value_typeINS_12basic_stringIcNS_11char_traitsIcEENS_9allocatorIcEEEEmEENS_19__map_value_compareIS7_S8_NS_4lessIS7_EELb1EEENS5_IS8_EEE12__begin_nodeEv
FN:1063,_ZNSt3__16__treeINS_12__value_typeINS_12basic_stringIcNS_11char_traitsIcEENS_9allocatorIcEEEEmEENS_19__map_value_compareIS7_S8_NS_4lessIS7_EELb1EEENS5_IS8_EEE4sizeEv
FN:1068,_ZNSt3__16__treeINS_12__value_typeINS_12basic_stringIcNS_11char_traitsIcEENS_9allocatorIcEEEEmEENS_19__map_value_compareIS7_S8_NS_4lessIS7_EELb1EEENS5_IS8_EEE10value_compEv
FN:1070,_ZNKSt3__16__treeINS_12__value_typeINS_12basic_stringIcNS_11char_traitsIcEENS_9allocatorIcEEEEmEENS_19__map_value_compareIS7_S8_NS_4lessIS7_EELb1EEENS5_IS8_EEE10value_compEv
FN:1075,_ZNKSt3__16__treeINS_12__value_typeINS_12basic_stringIcNS_11char_traitsIcEENS_9allocatorIcEEEEmEENS_19__map_value_compareIS7_S8_NS_4lessIS7_EELb1EEENS5_IS8_EEE6__rootEv
FN:1078,_ZNKSt3__16__treeINS_12__value_typeINS_12basic_stringIcNS_11char_traitsIcEENS_9allocatorIcEEEEmEENS_19__map_value_compareIS7_S8_NS_4lessIS7_EELb1EEENS5_IS8_EEE10__root_ptrEv
FN:1113,_ZNSt3__16__treeINS_12__value_typeINS_12basic_stringIcNS_11char_traitsIcEENS_9allocatorIcEEEEmEENS_19__map_value_compareIS7_S8_NS_4lessIS7_EELb1EEENS5_IS8_EEE5beginEv
FN:1115,_ZNKSt3__16__treeINS_12__value_typeINS_12basic_stringIcNS_11char_traitsIcEENS_9allocatorIcEEEEmEENS_19__map_value_compareIS7_S8_NS_4lessIS7_EELb1EEENS5_IS8_EEE5beginEv
FN:1117,_ZNSt3__16__treeINS_12__value_typeINS_12basic_stringIcNS_11char_traitsIcEENS_9allocatorIcEEEEmEENS_19__map_value_compareIS7_S8_NS_4lessIS7_EELb1EEENS5_IS8_EEE3endEv
FN:1119,_ZNKSt3__16__treeINS_12__value_typeINS_12basic_stringIcNS_11char_traitsIcEENS_9allocatorIcEEEEmEENS_19__map_value_compareIS7_S8_NS_4lessIS7_EELb1EEENS5_IS8_EEE3endEv
FN:1264,_ZNSt3__16__treeINS_12__value_typeINS_12basic_stringIcNS_11char_traitsIcEENS_9allocatorIcEEEEmEENS_19__map_value_compareIS7_S8_NS_4lessIS7_EELb1EEENS5_IS8_EEE15__insert_uniqueENS_21__tree_const_iteratorIS8_PNS_11__tree_nodeIS8_PvEElEERKNS_4pairIKS7_mEE
FN:1448,_ZNKSt3__16__treeINS_12__value_typeINS_12basic_stringIcNS_11char_traitsIcEENS_9allocatorIcEEEEmEENS_19__map_value_compareIS7_S8_NS_4lessIS7_EELb1EEENS5_IS8_EEE12__find_equalIS7_EERPNS_16__tree_node_baseIPvEERPNS_15__tree_end_nodeISJ_EERKT_
FN:1509,_ZNSt3__16__treeINS_12__value_typeINS_12basic_stringIcNS_11char_traitsIcEENS_9allocatorIcEEEEmEENS_19__map_value_compareIS7_S8_NS_4lessIS7_EELb1EEENS5_IS8_EEEC1ERKSC_
FN:1509,_ZNSt3__16__treeINS_12__value_typeINS_12basic_stringIcNS_11char_traitsIcEENS_9allocatorIcEEEEmEENS_19__map_value_compareIS7_S8_NS_4lessIS7_EELb1EEENS5_IS8_EEEC2ERKSC_
FN:1686,_ZNSt3__16__treeINS_12__value_typeINS_12basic_stringIcNS_11char_traitsIcEENS_9allocatorIcEEEEmEENS_19__map_value_compareIS7_S8_NS_4lessIS7_EELb1EEENS5_IS8_EEEC2ERKSE_
FN:1686,_ZNSt3__16__treeINS_12__value_typeINS_12basic_stringIcNS_11char_traitsIcEENS_9allocatorIcEEEEmEENS_19__map_value_compareIS7_S8_NS_4lessIS7_EELb1EEENS5_IS8_EEEC1ERKSE_
FN:1827,_ZNSt3__16__treeINS_12__value_typeINS_12basic_stringIcNS_11char_traitsIcEENS_9allocatorIcEEEEmEENS_19__map_value_compareIS7_S8_NS_4lessIS7_EELb1EEENS5_IS8_EEED2Ev
FN:1827,_ZNSt3__16__treeINS_12__value_typeINS_12basic_stringIcNS_11char_traitsIcEENS_9allocatorIcEEEEmEENS_19__map_value_compareIS7_S8_NS_4lessIS7_EELb1EEENS5_IS8_EEED1Ev
FN:1836,_ZNSt3__16__treeINS_12__value_typeINS_12basic_stringIcNS_11char_traitsIcEENS_9allocatorIcEEEEmEENS_19__map_value_compareIS7_S8_NS_4lessIS7_EELb1EEENS5_IS8_EEE7destroyEPNS_11__tree_nodeIS8_PvEE
FN:1878,_ZNSt3__16__treeINS_12__value_typeINS_12basic_stringIcNS_11char_traitsIcEENS_9allocatorIcEEEEmEENS_19__map_value_compareIS7_S8_NS_4lessIS7_EELb1EEENS5_IS8_EEE5clearEv
FN:2008,_ZNSt3__16__treeINS_12__value_typeINS_12basic_stringIcNS_11char_traitsIcEENS_9allocatorIcEEEEmEENS_19__map_value_compareIS7_S8_NS_4lessIS7_EELb1EEENS5_IS8_EEE12__find_equalIS7_EERPNS_16__tree_node_baseIPvEERPNS_15__tree_end_nodeISJ_EERKT_
FN:2058,_ZNSt3__16__treeINS_12__value_typeINS_12basic_stringIcNS_11char_traitsIcEENS_9allocatorIcEEEEmEENS_19__map_value_compareIS7_S8_NS_4lessIS7_EELb1EEENS5_IS8_EEE12__find_equalIS7_EERPNS_16__tree_node_baseIPvEENS_21__tree_const_iteratorIS8_PNS_11__tree_nodeIS8_SH_EElEERPNS_15__tree_end_nodeISJ_EESK_RKT_
FN:2113,_ZNSt3__16__treeINS_12__value_typeINS_12basic_stringIcNS_11char_traitsIcEENS_9allocatorIcEEEEmEENS_19__map_value_compareIS7_S8_NS_4lessIS7_EELb1EEENS5_IS8_EEE16__insert_node_atEPNS_15__tree_end_nodeIPNS_16__tree_node_baseIPvEEEERSJ_SJ_
FN:2132,_ZNSt3__16__treeINS_12__value_typeINS_12basic_stringIcNS_11char_traitsIcEENS_9allocatorIcEEEEmEENS_19__map_value_compareIS7_S8_NS_4lessIS7_EELb1EEENS5_IS8_EEE25__emplace_unique_key_argsIS7_JRKNS_21piecewise_construct_tENS_5tupleIJRKS7_EEENSJ_IJEEEEEENS_4pairINS_15__tree_iteratorIS8_PNS_11__tree_nodeIS8_PvEElEEbEERKT_DpOT0_
FN:2163,_ZNSt3__16__treeINS_12__value_typeINS_12basic_stringIcNS_11char_traitsIcEENS_9allocatorIcEEEEmEENS_19__map_value_compareIS7_S8_NS_4lessIS7_EELb1EEENS5_IS8_EEE30__emplace_hint_unique_key_argsIS7_JRKNS_4pairIKS7_mEEEEENS_15__tree_iteratorIS8_PNS_11__tree_nodeIS8_PvEElEENS_21__tree_const_iteratorIS8_SP_lEERKT_DpOT0_
FN:2196,_ZNSt3__16__treeINS_12__value_typeINS_12basic_stringIcNS_11char_traitsIcEENS_9allocatorIcEEEEmEENS_19__map_value_compareIS7_S8_NS_4lessIS7_EELb1EEENS5_IS8_EEE16__construct_nodeIJRKNS_4pairIKS7_mEEEEENS_10unique_ptrINS_11__tree_nodeIS8_PvEENS_22__tree_node_destructorINS5_ISO_EEEEEEDpOT_
FN:2196,_ZNSt3__16__treeINS_12__value_typeINS_12basic_stringIcNS_11char_traitsIcEENS_9allocatorIcEEEEmEENS_19__map_value_compareIS7_S8_NS_4lessIS7_EELb1EEENS5_IS8_EEE16__construct_nodeIJRKNS_21piecewise_construct_tENS_5tupleIJRKS7_EEENSJ_IJEEEEEENS_10unique_ptrINS_11__tree_nodeIS8_PvEENS_22__tree_node_destructorINS5_ISR_EEEEEEDpOT_
FN:2552,_ZNKSt3__16__treeINS_12__value_typeINS_12basic_stringIcNS_11char_traitsIcEENS_9allocatorIcEEEEmEENS_19__map_value_compareIS7_S8_NS_4lessIS7_EELb1EEENS5_IS8_EEE4findIS7_EENS_21__tree_const_iteratorIS8_PNS_11__tree_nodeIS8_PvEElEERKT_
FN:2628,_ZNKSt3__16__treeINS_12__value_typeINS_12basic_stringIcNS_11char_traitsIcEENS_9allocatorIcEEEEmEENS_19__map_value_compareIS7_S8_NS_4lessIS7_EELb1EEENS5_IS8_EEE13__lower_boundIS7_EENS_21__tree_const_iteratorIS8_PNS_11__tree_nodeIS8_PvEElEERKT_SK_PNS_15__tree_end_nodeIPNS_16__tree_node_baseISI_EEEE
FNDA:2219,_ZNSt3__1L20__tree_is_left_childIPNS_16__tree_node_baseIPvEEEEbT_
FNDA:293,_ZNSt3__1L10__tree_minIPNS_16__tree_node_baseIPvEEEET_S5_
FNDA:512,_ZNSt3__1L10__tree_maxIPNS_16__tree_node_baseIPvEEEET_S5_
FNDA:552,_ZNSt3__1L16__tree_next_iterIPNS_15__tree_end_nodeIPNS_16__tree_node_baseIPvEEEES5_EET_T0_
FNDA:512,_ZNSt3__1L16__tree_prev_iterIPNS_16__tree_node_baseIPvEEPNS_15__tree_end_nodeIS4_EEEET_T0_
FNDA:400,_ZNSt3__118__tree_left_rotateIPNS_16__tree_node_baseIPvEEEEvT_
FNDA:46,_ZNSt3__119__tree_right_rotateIPNS_16__tree_node_baseIPvEEEEvT_
FNDA:794,_ZNSt3__127__tree_balance_after_insertIPNS_16__tree_node_baseIPvEEEEvT_S5_
FNDA:552,_ZNSt3__122__tree_key_value_typesINS_12__value_typeINS_12basic_stringIcNS_11char_traitsIcEENS_9allocatorIcEEEEmEEE9__get_keyIKNS_4pairIKS7_mEEEENS_9enable_ifIXsr17__is_same_uncvrefIT_SD_EE5valueERSC_E4typeERSG_
FNDA:1414,_ZNSt3__122__tree_key_value_typesINS_12__value_typeINS_12basic_stringIcNS_11char_traitsIcEENS_9allocatorIcEEEEmEEE9__get_ptrERS8_
FNDA:62,_ZNSt3__115__tree_end_nodeIPNS_16__tree_node_baseIPvEEEC1Ev
FNDA:62,_ZNSt3__115__tree_end_nodeIPNS_16__tree_node_baseIPvEEEC2Ev
FNDA:4980,_ZNKSt3__116__tree_node_baseIPvE15__parent_unsafeEv
FNDA:556,_ZNSt3__116__tree_node_baseIPvE12__set_parentEPS2_
FNDA:794,_ZNSt3__122__tree_node_destructorINS_9allocatorINS_11__tree_nodeINS_12__value_typeINS_12basic_stringIcNS_11char_traitsIcEENS1_IcEEEEmEEPvEEEEEC1ERSC_b
FNDA:794,_ZNSt3__122__tree_node_destructorINS_9allocatorINS_11__tree_nodeINS_12__value_typeINS_12basic_stringIcNS_11char_traitsIcEENS1_IcEEEEmEEPvEEEEEC2ERSC_b
FNDA:0,_ZNSt3__122__tree_node_destructorINS_9allocatorINS_11__tree_nodeINS_12__value_typeINS_12basic_stringIcNS_11char_traitsIcEENS1_IcEEEEmEEPvEEEEEclEPSB_
FNDA:246,_ZNKSt3__115__tree_iteratorINS_12__value_typeINS_12basic_stringIcNS_11char_traitsIcEENS_9allocatorIcEEEEmEEPNS_11__tree_nodeIS8_PvEElEptEv
FNDA:798,_ZNSt3__115__tree_iteratorINS_12__value_typeINS_12basic_stringIcNS_11char_traitsIcEENS_9allocatorIcEEEEmEEPNS_11__tree_nodeIS8_PvEElEC1ESC_
FNDA:798,_ZNSt3__115__tree_iteratorINS_12__value_typeINS_12basic_stringIcNS_11char_traitsIcEENS_9allocatorIcEEEEmEEPNS_11__tree_nodeIS8_PvEElEC2ESC_
FNDA:1104,_ZNSt3__115__tree_iteratorINS_12__value_typeINS_12basic_stringIcNS_11char_traitsIcEENS_9allocatorIcEEEEmEEPNS_11__tree_nodeIS8_PvEElEC1EPNS_15__tree_end_nodeIPNS_16__tree_node_baseISA_EEEE
FNDA:1104,_ZNSt3__115__tree_iteratorINS_12__value_typeINS_12basic_stringIcNS_11char_traitsIcEENS_9allocatorIcEEEEmEEPNS_11__tree_nodeIS8_PvEElEC2EPNS_15__tree_end_nodeIPNS_16__tree_node_baseISA_EEEE
FNDA:246,_ZNKSt3__115__tree_iteratorINS_12__value_typeINS_12basic_stringIcNS_11char_traitsIcEENS_9allocatorIcEEEEmEEPNS_11__tree_nodeIS8_PvEElE8__get_npEv
FNDA:1104,_ZNSt3__121__tree_const_iteratorINS_12__value_typeINS_12basic_stringIcNS_11char_traitsIcEENS_9allocatorIcEEEEmEEPNS_11__tree_nodeIS8_PvEElEC1ENS_15__tree_iteratorIS8_SC_lEE
FNDA:1104,_ZNSt3__121__tree_const_iteratorINS_12__value_typeINS_12basic_stringIcNS_11char_traitsIcEENS_9allocatorIcEEEEmEEPNS_11__tree_nodeIS8_PvEElEC2ENS_15__tree_iteratorIS8_SC_lEE
FNDA:565,_ZNKSt3__121__tree_const_iteratorINS_12__value_typeINS_12basic_stringIcNS_11char_traitsIcEENS_9allocatorIcEEEEmEEPNS_11__tree_nodeIS8_PvEElEdeEv
FNDA:552,_ZNKSt3__121__tree_const_iteratorINS_12__value_typeINS_12basic_stringIcNS_11char_traitsIcEENS_9allocatorIcEEEEmEEPNS_11__tree_nodeIS8_PvEElEptEv
FNDA:552,_ZNSt3__121__tree_const_iteratorINS_12__value_typeINS_12basic_stringIcNS_11char_traitsIcEENS_9allocatorIcEEEEmEEPNS_11__tree_nodeIS8_PvEElEppEv
FNDA:512,_ZNSt3__121__tree_const_iteratorINS_12__value_typeINS_12basic_stringIcNS_11char_traitsIcEENS_9allocatorIcEEEEmEEPNS_11__tree_nodeIS8_PvEElEmmEv
FNDA:1802,_ZNSt3__1eqERKNS_21__tree_const_iteratorINS_12__value_typeINS_12basic_stringIcNS_11char_traitsIcEENS_9allocatorIcEEEEmEEPNS_11__tree_nodeIS8_PvEElEESF_
FNDA:698,_ZNSt3__1neERKNS_21__tree_const_iteratorINS_12__value_typeINS_12basic_stringIcNS_11char_traitsIcEENS_9allocatorIcEEEEmEEPNS_11__tree_nodeIS8_PvEElEESF_
FNDA:279,_ZNSt3__121__tree_const_iteratorINS_12__value_typeINS_12basic_stringIcNS_11char_traitsIcEENS_9allocatorIcEEEEmEEPNS_11__tree_nodeIS8_PvEElEC1EPNS_15__tree_end_nodeIPNS_16__tree_node_baseISA_EEEE
FNDA:279,_ZNSt3__121__tree_const_iteratorINS_12__value_typeINS_12basic_stringIcNS_11char_traitsIcEENS_9allocatorIcEEEEmEEPNS_11__tree_nodeIS8_PvEElEC2EPNS_15__tree_end_nodeIPNS_16__tree_node_baseISA_EEEE
FNDA:1117,_ZNKSt3__121__tree_const_iteratorINS_12__value_typeINS_12basic_stringIcNS_11char_traitsIcEENS_9allocatorIcEEEEmEEPNS_11__tree_nodeIS8_PvEElE8__get_npEv
FNDA:1456,_ZNSt3__16__treeINS_12__value_typeINS_12basic_stringIcNS_11char_traitsIcEENS_9allocatorIcEEEEmEENS_19__map_value_compareIS7_S8_NS_4lessIS7_EELb1EEENS5_IS8_EEE10__end_nodeEv
FNDA:960,_ZNKSt3__16__treeINS_12__value_typeINS_12basic_stringIcNS_11char_traitsIcEENS_9allocatorIcEEEEmEENS_19__map_value_compareIS7_S8_NS_4lessIS7_EELb1EEENS5_IS8_EEE10__end_nodeEv
FNDA:1414,_ZNSt3__16__treeINS_12__value_typeINS_12basic_stringIcNS_11char_traitsIcEENS_9allocatorIcEEEEmEENS_19__map_value_compareIS7_S8_NS_4lessIS7_EELb1EEENS5_IS8_EEE12__node_allocEv
FNDA:40,_ZNKSt3__16__treeINS_12__value_typeINS_12basic_stringIcNS_11char_traitsIcEENS_9allocatorIcEEEEmEENS_19__map_value_compareIS7_S8_NS_4lessIS7_EELb1EEENS5_IS8_EEE12__node_allocEv
FNDA:1578,_ZNSt3__16__treeINS_12__value_typeINS_12basic_stringIcNS_11char_traitsIcEENS_9allocatorIcEEEEmEENS_19__map_value_compareIS7_S8_NS_4lessIS7_EELb1EEENS5_IS8_EEE12__begin_nodeEv
FNDA:40,_ZNKSt3__16__treeINS_12__value_typeINS_12basic_stringIcNS_11char_traitsIcEENS_9allocatorIcEEEEmEENS_19__map_value_compareIS7_S8_NS_4lessIS7_EELb1EEENS5_IS8_EEE12__begin_nodeEv
FNDA:810,_ZNSt3__16__treeINS_12__value_typeINS_12basic_stringIcNS_11char_traitsIcEENS_9allocatorIcEEEEmEENS_19__map_value_compareIS7_S8_NS_4lessIS7_EELb1EEENS5_IS8_EEE4sizeEv
FNDA:1971,_ZNSt3__16__treeINS_12__value_typeINS_12basic_stringIcNS_11char_traitsIcEENS_9allocatorIcEEEEmEENS_19__map_value_compareIS7_S8_NS_4lessIS7_EELb1EEENS5_IS8_EEE10value_compEv
FNDA:295,_ZNKSt3__16__treeINS_12__value_typeINS_12basic_stringIcNS_11char_traitsIcEENS_9allocatorIcEEEEmEENS_19__map_value_compareIS7_S8_NS_4lessIS7_EELb1EEENS5_IS8_EEE10value_compEv
FNDA:422,_ZNKSt3__16__treeINS_12__value_typeINS_12basic_stringIcNS_11char_traitsIcEENS_9allocatorIcEEEEmEENS_19__map_value_compareIS7_S8_NS_4lessIS7_EELb1EEENS5_IS8_EEE6__rootEv
FNDA:299,_ZNKSt3__16__treeINS_12__value_typeINS_12basic_stringIcNS_11char_traitsIcEENS_9allocatorIcEEEEmEENS_19__map_value_compareIS7_S8_NS_4lessIS7_EELb1EEENS5_IS8_EEE10__root_ptrEv
FNDA:552,_ZNSt3__16__treeINS_12__value_typeINS_12basic_stringIcNS_11char_traitsIcEENS_9allocatorIcEEEEmEENS_19__map_value_compareIS7_S8_NS_4lessIS7_EELb1EEENS5_IS8_EEE5beginEv
FNDA:40,_ZNKSt3__16__treeINS_12__value_typeINS_12basic_stringIcNS_11char_traitsIcEENS_9allocatorIcEEEEmEENS_19__map_value_compareIS7_S8_NS_4lessIS7_EELb1EEENS5_IS8_EEE5beginEv
FNDA:552,_ZNSt3__16__treeINS_12__value_typeINS_12basic_stringIcNS_11char_traitsIcEENS_9allocatorIcEEEEmEENS_19__map_value_compareIS7_S8_NS_4lessIS7_EELb1EEENS5_IS8_EEE3endEv
FNDA:186,_ZNKSt3__16__treeINS_12__value_typeINS_12basic_stringIcNS_11char_traitsIcEENS_9allocatorIcEEEEmEENS_19__map_value_compareIS7_S8_NS_4lessIS7_EELb1EEENS5_IS8_EEE3endEv
FNDA:552,_ZNSt3__16__treeINS_12__value_typeINS_12basic_stringIcNS_11char_traitsIcEENS_9allocatorIcEEEEmEENS_19__map_value_compareIS7_S8_NS_4lessIS7_EELb1EEENS5_IS8_EEE15__insert_uniqueENS_21__tree_const_iteratorIS8_PNS_11__tree_nodeIS8_PvEElEERKNS_4pairIKS7_mEE
FNDA:53,_ZNKSt3__16__treeINS_12__value_typeINS_12basic_stringIcNS_11char_traitsIcEENS_9allocatorIcEEEEmEENS_19__map_value_compareIS7_S8_NS_4lessIS7_EELb1EEENS5_IS8_EEE12__find_equalIS7_EERPNS_16__tree_node_baseIPvEERPNS_15__tree_end_nodeISJ_EERKT_
FNDA:22,_ZNSt3__16__treeINS_12__value_typeINS_12basic_stringIcNS_11char_traitsIcEENS_9allocatorIcEEEEmEENS_19__map_value_compareIS7_S8_NS_4lessIS7_EELb1EEENS5_IS8_EEEC1ERKSC_
FNDA:22,_ZNSt3__16__treeINS_12__value_typeINS_12basic_stringIcNS_11char_traitsIcEENS_9allocatorIcEEEEmEENS_19__map_value_compareIS7_S8_NS_4lessIS7_EELb1EEENS5_IS8_EEEC2ERKSC_
FNDA:40,_ZNSt3__16__treeINS_12__value_typeINS_12basic_stringIcNS_11char_traitsIcEENS_9allocatorIcEEEEmEENS_19__map_value_compareIS7_S8_NS_4lessIS7_EELb1EEENS5_IS8_EEEC1ERKSE_
FNDA:40,_ZNSt3__16__treeINS_12__value_typeINS_12basic_stringIcNS_11char_traitsIcEENS_9allocatorIcEEEEmEENS_19__map_value_compareIS7_S8_NS_4lessIS7_EELb1EEENS5_IS8_EEEC2ERKSE_
FNDA:54,_ZNSt3__16__treeINS_12__value_typeINS_12basic_stringIcNS_11char_traitsIcEENS_9allocatorIcEEEEmEENS_19__map_value_compareIS7_S8_NS_4lessIS7_EELb1EEENS5_IS8_EEED1Ev
FNDA:54,_ZNSt3__16__treeINS_12__value_typeINS_12basic_stringIcNS_11char_traitsIcEENS_9allocatorIcEEEEmEENS_19__map_value_compareIS7_S8_NS_4lessIS7_EELb1EEENS5_IS8_EEED2Ev
FNDA:1310,_ZNSt3__16__treeINS_12__value_typeINS_12basic_stringIcNS_11char_traitsIcEENS_9allocatorIcEEEEmEENS_19__map_value_compareIS7_S8_NS_4lessIS7_EELb1EEENS5_IS8_EEE7destroyEPNS_11__tree_nodeIS8_PvEE
FNDA:16,_ZNSt3__16__treeINS_12__value_typeINS_12basic_stringIcNS_11char_traitsIcEENS_9allocatorIcEEEEmEENS_19__map_value_compareIS7_S8_NS_4lessIS7_EELb1EEENS5_IS8_EEE5clearEv
FNDA:299,_ZNSt3__16__treeINS_12__value_typeINS_12basic_stringIcNS_11char_traitsIcEENS_9allocatorIcEEEEmEENS_19__map_value_compareIS7_S8_NS_4lessIS7_EELb1EEENS5_IS8_EEE12__find_equalIS7_EERPNS_16__tree_node_baseIPvEERPNS_15__tree_end_nodeISJ_EERKT_
FNDA:552,_ZNSt3__16__treeINS_12__value_typeINS_12basic_stringIcNS_11char_traitsIcEENS_9allocatorIcEEEEmEENS_19__map_value_compareIS7_S8_NS_4lessIS7_EELb1EEENS5_IS8_EEE12__find_equalIS7_EERPNS_16__tree_node_baseIPvEENS_21__tree_const_iteratorIS8_PNS_11__tree_nodeIS8_SH_EElEERPNS_15__tree_end_nodeISJ_EESK_RKT_
FNDA:794,_ZNSt3__16__treeINS_12__value_typeINS_12basic_stringIcNS_11char_traitsIcEENS_9allocatorIcEEEEmEENS_19__map_value_compareIS7_S8_NS_4lessIS7_EELb1EEENS5_IS8_EEE16__insert_node_atEPNS_15__tree_end_nodeIPNS_16__tree_node_baseIPvEEEERSJ_SJ_
FNDA:246,_ZNSt3__16__treeINS_12__value_typeINS_12basic_stringIcNS_11char_traitsIcEENS_9allocatorIcEEEEmEENS_19__map_value_compareIS7_S8_NS_4lessIS7_EELb1EEENS5_IS8_EEE25__emplace_unique_key_argsIS7_JRKNS_21piecewise_construct_tENS_5tupleIJRKS7_EEENSJ_IJEEEEEENS_4pairINS_15__tree_iteratorIS8_PNS_11__tree_nodeIS8_PvEElEEbEERKT_DpOT0_
FNDA:552,_ZNSt3__16__treeINS_12__value_typeINS_12basic_stringIcNS_11char_traitsIcEENS_9allocatorIcEEEEmEENS_19__map_value_compareIS7_S8_NS_4lessIS7_EELb1EEENS5_IS8_EEE30__emplace_hint_unique_key_argsIS7_JRKNS_4pairIKS7_mEEEEENS_15__tree_iteratorIS8_PNS_11__tree_nodeIS8_PvEElEENS_21__tree_const_iteratorIS8_SP_lEERKT_DpOT0_
FNDA:242,_ZNSt3__16__treeINS_12__value_typeINS_12basic_stringIcNS_11char_traitsIcEENS_9allocatorIcEEEEmEENS_19__map_value_compareIS7_S8_NS_4lessIS7_EELb1EEENS5_IS8_EEE16__construct_nodeIJRKNS_21piecewise_construct_tENS_5tupleIJRKS7_EEENSJ_IJEEEEEENS_10unique_ptrINS_11__tree_nodeIS8_PvEENS_22__tree_node_destructorINS5_ISR_EEEEEEDpOT_
FNDA:552,_ZNSt3__16__treeINS_12__value_typeINS_12basic_stringIcNS_11char_traitsIcEENS_9allocatorIcEEEEmEENS_19__map_value_compareIS7_S8_NS_4lessIS7_EELb1EEENS5_IS8_EEE16__construct_nodeIJRKNS_4pairIKS7_mEEEEENS_10unique_ptrINS_11__tree_nodeIS8_PvEENS_22__tree_node_destructorINS5_ISO_EEEEEEDpOT_
FNDA:53,_ZNKSt3__16__treeINS_12__value_typeINS_12basic_stringIcNS_11char_traitsIcEENS_9allocatorIcEEEEmEENS_19__map_value_compareIS7_S8_NS_4lessIS7_EELb1EEENS5_IS8_EEE4findIS7_EENS_21__tree_const_iteratorIS8_PNS_11__tree_nodeIS8_PvEElEERKT_
FNDA:53,_ZNKSt3__16__treeINS_12__value_typeINS_12basic_stringIcNS_11char_traitsIcEENS_9allocatorIcEEEEmEENS_19__map_value_compareIS7_S8_NS_4lessIS7_EELb1EEENS5_IS8_EEE13__lower_boundIS7_EENS_21__tree_const_iteratorIS8_PNS_11__tree_nodeIS8_PvEElEERKT_SK_PNS_15__tree_end_nodeIPNS_16__tree_node_baseISI_EEEE
FNF:68
FNH:67
DA:75,2219
DA:141,822
DA:142,118
DA:143,293
DA:153,3976
DA:154,1476
DA:155,512
DA:176,552
DA:177,293
DA:178,1104
DA:179,586
DA:180,259
DA:181,552
DA:191,512
DA:192,512
DA:193,0
DA:194,0
DA:195,0
DA:196,0
DA:197,512
DA:229,400
DA:230,400
DA:231,400
DA:232,206
DA:233,400
DA:234,400
DA:235,121
DA:237,558
DA:238,400
DA:239,400
DA:240,400
DA:249,46
DA:250,46
DA:251,46
DA:252,14
DA:253,46
DA:254,46
DA:255,14
DA:257,64
DA:258,46
DA:259,46
DA:260,46
DA:274,794
DA:275,5609
DA:278,1614
DA:280,276
DA:281,162
DA:283,128
DA:284,64
DA:285,128
DA:286,64
DA:287,64
DA:288,64
DA:291,28
DA:293,28
DA:294,14
DA:295,14
DA:296,56
DA:297,28
DA:298,56
DA:299,28
DA:300,28
DA:301,28
DA:303,64
DA:306,1430
DA:307,1143
DA:309,658
DA:310,329
DA:311,658
DA:312,329
DA:313,329
DA:314,329
DA:317,386
DA:319,36
DA:320,18
DA:321,18
DA:322,772
DA:323,386
DA:324,772
DA:325,386
DA:326,386
DA:327,386
DA:331,794
DA:591,552
DA:610,1414
DA:713,124
DA:731,4980
DA:735,556
DA:736,556
DA:779,794
DA:780,794
DA:781,1588
DA:786,0
DA:787,0
DA:788,0
DA:789,0
DA:790,0
DA:834,246
DA:865,1596
DA:867,2208
DA:869,246
DA:910,2208
DA:913,565
DA:915,552
DA:919,552
DA:920,552
DA:921,552
DA:930,512
DA:931,512
DA:932,512
DA:941,1802
DA:944,698
DA:952,558
DA:954,1117
DA:1034,1456
DA:1035,1456
DA:1041,960
DA:1042,960
DA:1043,960
DA:1048,1414
DA:1052,40
DA:1054,1578
DA:1056,40
DA:1063,810
DA:1068,1971
DA:1071,295
DA:1076,422
DA:1079,299
DA:1085,22
DA:1113,552
DA:1115,40
DA:1117,552
DA:1119,186
DA:1265,552
DA:1449,53
DA:1513,22
DA:1514,22
DA:1515,22
DA:1516,44
DA:1687,40
DA:1688,40
DA:1689,40
DA:1690,40
DA:1691,40
DA:1692,80
DA:1828,54
DA:1831,54
DA:1832,108
DA:1838,1310
DA:1840,307
DA:1841,307
DA:1842,307
DA:1843,927
DA:1844,620
DA:1845,620
DA:1846,1310
DA:1880,16
DA:1881,16
DA:1882,16
DA:1883,16
DA:1884,16
DA:2011,299
DA:2012,299
DA:2013,299
DA:2015,937
DA:2017,937
DA:2019,415
DA:2020,324
DA:2021,324
DA:2022,324
DA:2023,91
DA:2024,91
DA:2026,324
DA:2027,522
DA:2029,465
DA:2030,330
DA:2031,330
DA:2032,330
DA:2033,135
DA:2034,135
DA:2036,330
DA:2039,57
DA:2040,57
DA:2044,16
DA:2045,16
DA:2046,299
DA:2063,1104
DA:2066,552
DA:2067,1616
DA:2070,552
DA:2072,40
DA:2073,40
DA:2077,512
DA:2078,512
DA:2082,0
DA:2084,0
DA:2087,0
DA:2088,0
DA:2091,0
DA:2093,0
DA:2094,0
DA:2098,0
DA:2099,0
DA:2103,0
DA:2106,0
DA:2107,0
DA:2108,0
DA:2109,552
DA:2117,794
DA:2118,794
DA:2119,794
DA:2121,794
DA:2122,794
DA:2123,77
DA:2124,794
DA:2125,794
DA:2126,794
DA:2141,246
DA:2142,246
DA:2143,246
DA:2144,246
DA:2147,242
DA:2151,242
DA:2152,242
DA:2153,242
DA:2154,242
DA:2155,246
DA:2156,0
DA:2175,552
DA:2176,552
DA:2177,552
DA:2180,552
DA:2184,552
DA:2185,552
DA:2186,552
DA:2187,552
DA:2188,0
DA:2200,794
DA:2201,794
DA:2202,1588
DA:2203,794
DA:2204,794
DA:2205,1588
DA:2554,53
DA:2555,159
DA:2556,53
DA:2557,0
DA:2558,53
DA:2632,510
DA:2634,202
DA:2636,92
DA:2637,92
DA:2638,92
DA:2640,110
DA:2642,53
LF:255
LH:230
end_of_record
SF:/Library/Developer/CommandLineTools/usr/include/c++/v1/algorithm
FN:684,_ZNKSt3__110__equal_toIccEclERKcS3_
FN:684,_ZNKSt3__110__equal_toINS_12basic_stringIcNS_11char_traitsIcEENS_9allocatorIcEEEES6_EclERKS6_S9_
FN:721,_ZNKSt3__16__lessIllEclERKlS3_
FN:721,_ZNKSt3__16__lessImmEclERKmS3_
FN:1009,_ZNSt3__1L7find_ifINS_11__wrap_iterIPcEEZN8rapidcsv8Document4TrimERKNS_12basic_stringIcNS_11char_traitsIcEENS_9allocatorIcEEEEEUliE_EET_SF_SF_T0_
FN:1009,_ZNSt3__1L7find_ifINS_16reverse_iteratorINS_11__wrap_iterIPcEEEEZN8rapidcsv8Document4TrimERKNS_12basic_stringIcNS_11char_traitsIcEENS_9allocatorIcEEEEEUliE0_EET_SH_SH_T0_
FN:1324,_ZNSt3__1L5equalINS_11__wrap_iterIPKcEES4_NS_10__equal_toIccEEEEbT_S7_T0_T1_
FN:1324,_ZNSt3__1L5equalINS_11__wrap_iterIPKNS_12basic_stringIcNS_11char_traitsIcEENS_9allocatorIcEEEEEESA_NS_10__equal_toIS7_S7_EEEEbT_SD_T0_T1_
FN:1335,_ZNSt3__1L5equalINS_11__wrap_iterIPKcEES4_EEbT_S5_T0_
FN:1335,_ZNSt3__1L5equalINS_11__wrap_iterIPKNS_12basic_stringIcNS_11char_traitsIcEENS_9allocatorIcEEEEEESA_EEbT_SB_T0_
FN:1960,_ZNSt3__1L9transformINS_11__wrap_iterIPcEES3_PFiiEEET0_T_S7_S6_T1_
FN:2560,_ZNSt3__1L3minIlNS_6__lessIllEEEERKT_S5_S5_T0_
FN:2560,_ZNSt3__1L3minImNS_6__lessImmEEEERKT_S5_S5_T0_
FN:2568,_ZNSt3__1L3minIlEERKT_S3_S3_
FN:2568,_ZNSt3__1L3minImEERKT_S3_S3_
FN:2625,_ZNSt3__1L3maxImNS_6__lessImmEEEERKT_S5_S5_T0_
FN:2625,_ZNSt3__1L3maxIlNS_6__lessIllEEEERKT_S5_S5_T0_
FN:2633,_ZNSt3__1L3maxIlEERKT_S3_S3_
FN:2633,_ZNSt3__1L3maxImEERKT_S3_S3_
FNDA:8,_ZNKSt3__110__equal_toIccEclERKcS3_
FNDA:92,_ZNKSt3__110__equal_toINS_12basic_stringIcNS_11char_traitsIcEENS_9allocatorIcEEEES6_EclERKS6_S9_
FNDA:8,_ZNKSt3__16__lessIllEclERKlS3_
FNDA:3423,_ZNKSt3__16__lessImmEclERKmS3_
FNDA:0,_ZNSt3__1L7find_ifINS_11__wrap_iterIPcEEZN8rapidcsv8Document4TrimERKNS_12basic_stringIcNS_11char_traitsIcEENS_9allocatorIcEEEEEUliE_EET_SF_SF_T0_
FNDA:0,_ZNSt3__1L7find_ifINS_16reverse_iteratorINS_11__wrap_iterIPcEEEEZN8rapidcsv8Document4TrimERKNS_12basic_stringIcNS_11char_traitsIcEENS_9allocatorIcEEEEEUliE0_EET_SH_SH_T0_
FNDA:8,_ZNSt3__1L5equalINS_11__wrap_iterIPKcEES4_NS_10__equal_toIccEEEEbT_S7_T0_T1_
FNDA:14,_ZNSt3__1L5equalINS_11__wrap_iterIPKNS_12basic_stringIcNS_11char_traitsIcEENS_9allocatorIcEEEEEESA_NS_10__equal_toIS7_S7_EEEEbT_SD_T0_T1_
FNDA:8,_ZNSt3__1L5equalINS_11__wrap_iterIPKcEES4_EEbT_S5_T0_
FNDA:14,_ZNSt3__1L5equalINS_11__wrap_iterIPKNS_12basic_stringIcNS_11char_traitsIcEENS_9allocatorIcEEEEEESA_EEbT_SB_T0_
FNDA:72,_ZNSt3__1L9transformINS_11__wrap_iterIPcEES3_PFiiEEET0_T_S7_S6_T1_
FNDA:3080,_ZNSt3__1L3minImNS_6__lessImmEEEERKT_S5_S5_T0_
FNDA:8,_ZNSt3__1L3minIlNS_6__lessIllEEEERKT_S5_S5_T0_
FNDA:3080,_ZNSt3__1L3minImEERKT_S3_S3_
FNDA:8,_ZNSt3__1L3minIlEERKT_S3_S3_
FNDA:0,_ZNSt3__1L3maxIlNS_6__lessIllEEEERKT_S5_S5_T0_
FNDA:343,_ZNSt3__1L3maxImNS_6__lessImmEEEERKT_S5_S5_T0_
FNDA:0,_ZNSt3__1L3maxIlEERKT_S3_S3_
FNDA:343,_ZNSt3__1L3maxImEERKT_S3_S3_
FNF:19
FNH:15
DA:684,100
DA:721,3431
DA:1011,0
DA:1012,0
DA:1013,0
DA:1014,0
DA:1326,214
DA:1327,185
DA:1328,15
DA:1329,7
DA:1330,22
DA:1339,22
DA:1962,576
DA:1963,216
DA:1964,72
DA:2562,9264
DA:2570,3088
DA:2627,1029
DA:2635,343
LF:19
LH:15
end_of_record
SF:/Library/Developer/CommandLineTools/usr/include/c++/v1/exception
FN:100,_ZNSt9exceptionC2Ev
FNDA:0,_ZNSt9exceptionC2Ev
FNF:1
FNH:0
DA:100,0
LF:1
LH:0
end_of_record
SF:/Library/Developer/CommandLineTools/usr/include/c++/v1/fstream
FN:270,_ZNSt3__113basic_filebufIcNS_11char_traitsIcEEEC1Ev
FN:270,_ZNSt3__113basic_filebufIcNS_11char_traitsIcEEEC2Ev
FN:374,_ZNSt3__113basic_filebufIcNS_11char_traitsIcEEED0Ev
FN:374,_ZNSt3__113basic_filebufIcNS_11char_traitsIcEEED2Ev
FN:374,_ZNSt3__113basic_filebufIcNS_11char_traitsIcEEED1Ev
FN:488,_ZNSt3__113basic_filebufIcNS_11char_traitsIcEEE15__make_mdstringEj
FN:530,_ZNSt3__113basic_filebufIcNS_11char_traitsIcEEE4openEPKcj
FN:665,_ZNSt3__113basic_filebufIcNS_11char_traitsIcEEE4openERKNS_12basic_stringIcS2_NS_9allocatorIcEEEEj
FN:673,_ZNSt3__113basic_filebufIcNS_11char_traitsIcEEE5closeEv
FN:692,_ZNSt3__113basic_filebufIcNS_11char_traitsIcEEE9underflowEv
FN:762,_ZNSt3__113basic_filebufIcNS_11char_traitsIcEEE9pbackfailEi
FN:784,_ZNSt3__113basic_filebufIcNS_11char_traitsIcEEE8overflowEi
FN:849,_ZNSt3__113basic_filebufIcNS_11char_traitsIcEEE6setbufEPcl
FN:902,_ZNSt3__113basic_filebufIcNS_11char_traitsIcEEE7seekoffExNS_8ios_base7seekdirEj
FN:942,_ZNSt3__113basic_filebufIcNS_11char_traitsIcEEE7seekposENS_4fposI11__mbstate_tEEj
FN:959,_ZNSt3__113basic_filebufIcNS_11char_traitsIcEEE4syncEv
FN:1028,_ZNSt3__113basic_filebufIcNS_11char_traitsIcEEE5imbueERKNS_6localeE
FN:1072,_ZNSt3__113basic_filebufIcNS_11char_traitsIcEEE11__read_modeEv
FN:1091,_ZNSt3__113basic_filebufIcNS_11char_traitsIcEEE12__write_modeEv
FN:1168,_ZNSt3__114basic_ifstreamIcNS_11char_traitsIcEEEC1Ev
FN:1285,_ZNSt3__114basic_ifstreamIcNS_11char_traitsIcEEE4openERKNS_12basic_stringIcS2_NS_9allocatorIcEEEEj
FNDA:11,_ZNSt3__113basic_filebufIcNS_11char_traitsIcEEEC1Ev
FNDA:11,_ZNSt3__113basic_filebufIcNS_11char_traitsIcEEEC2Ev
FNDA:11,_ZNSt3__113basic_filebufIcNS_11char_traitsIcEEED1Ev
FNDA:0,_ZNSt3__113basic_filebufIcNS_11char_traitsIcEEED0Ev
FNDA:11,_ZNSt3__113basic_filebufIcNS_11char_traitsIcEEED2Ev
FNDA:11,_ZNSt3__113basic_filebufIcNS_11char_traitsIcEEE15__make_mdstringEj
FNDA:11,_ZNSt3__113basic_filebufIcNS_11char_traitsIcEEE4openEPKcj
FNDA:11,_ZNSt3__113basic_filebufIcNS_11char_traitsIcEEE4openERKNS_12basic_stringIcS2_NS_9allocatorIcEEEEj
FNDA:11,_ZNSt3__113basic_filebufIcNS_11char_traitsIcEEE5closeEv
FNDA:16,_ZNSt3__113basic_filebufIcNS_11char_traitsIcEEE9underflowEv
FNDA:0,_ZNSt3__113basic_filebufIcNS_11char_traitsIcEEE9pbackfailEi
FNDA:0,_ZNSt3__113basic_filebufIcNS_11char_traitsIcEEE8overflowEi
FNDA:11,_ZNSt3__113basic_filebufIcNS_11char_traitsIcEEE6setbufEPcl
FNDA:32,_ZNSt3__113basic_filebufIcNS_11char_traitsIcEEE7seekoffExNS_8ios_base7seekdirEj
FNDA:0,_ZNSt3__113basic_filebufIcNS_11char_traitsIcEEE7seekposENS_4fposI11__mbstate_tEEj
FNDA:40,_ZNSt3__113basic_filebufIcNS_11char_traitsIcEEE4syncEv
FNDA:0,_ZNSt3__113basic_filebufIcNS_11char_traitsIcEEE5imbueERKNS_6localeE
FNDA:16,_ZNSt3__113basic_filebufIcNS_11char_traitsIcEEE11__read_modeEv
FNDA:0,_ZNSt3__113basic_filebufIcNS_11char_traitsIcEEE12__write_modeEv
FNDA:11,_ZNSt3__114basic_ifstreamIcNS_11char_traitsIcEEEC1Ev
FNDA:11,_ZNSt3__114basic_ifstreamIcNS_11char_traitsIcEEE4openERKNS_12basic_stringIcS2_NS_9allocatorIcEEEEj
FNF:21
FNH:15
DA:201,11
DA:271,11
DA:272,11
DA:273,11
DA:274,11
DA:275,11
DA:276,11
DA:277,11
DA:278,11
DA:279,11
DA:280,11
DA:281,11
DA:282,11
DA:283,11
DA:284,11
DA:285,11
DA:286,33
DA:287,22
DA:289,33
DA:290,11
DA:291,11
DA:292,11
DA:293,22
DA:375,22
DA:380,11
DA:382,11
DA:385,0
DA:387,11
DA:388,33
DA:389,11
DA:390,0
DA:391,22
DA:490,11
DA:493,0
DA:496,0
DA:498,0
DA:500,0
DA:502,0
DA:505,0
DA:508,0
DA:511,0
DA:513,11
DA:515,0
DA:517,0
DA:520,0
DA:522,0
DA:525,11
DA:532,11
DA:533,11
DA:535,11
DA:536,11
DA:537,11
DA:538,11
DA:539,8
DA:540,8
DA:541,0
DA:542,0
DA:543,0
DA:544,0
DA:545,0
DA:546,0
DA:547,8
DA:548,3
DA:549,11
DA:550,11
DA:551,11
DA:667,11
DA:675,11
DA:676,11
DA:678,8
DA:679,8
DA:680,16
DA:681,0
DA:682,16
DA:683,8
DA:685,0
DA:686,8
DA:687,11
DA:688,0
DA:694,16
DA:695,0
DA:696,16
DA:698,16
DA:699,0
DA:700,48
DA:701,16
DA:702,16
DA:704,16
DA:705,16
DA:707,16
DA:708,16
DA:709,16
DA:711,32
DA:712,16
DA:713,16
DA:714,16
DA:715,16
DA:716,16
DA:720,0
DA:721,0
DA:722,0
DA:723,0
DA:724,0
DA:725,0
DA:727,0
DA:728,0
DA:729,0
DA:731,0
DA:732,0
DA:734,0
DA:736,0
DA:737,0
DA:738,0
DA:739,0
DA:741,0
DA:742,0
DA:743,0
DA:744,0
DA:745,0
DA:747,0
DA:748,0
DA:749,0
DA:750,0
DA:752,16
DA:754,0
DA:755,16
DA:756,0
DA:757,16
DA:758,16
DA:764,0
DA:766,0
DA:768,0
DA:769,0
DA:771,0
DA:772,0
DA:774,0
DA:775,0
DA:776,0
DA:778,0
DA:779,0
DA:780,0
DA:786,0
DA:787,0
DA:788,0
DA:790,0
DA:791,0
DA:792,0
DA:794,0
DA:795,0
DA:796,0
DA:797,0
DA:798,0
DA:799,0
DA:801,0
DA:803,0
DA:804,0
DA:805,0
DA:806,0
DA:809,0
DA:811,0
DA:813,0
DA:814,0
DA:817,0
DA:818,0
DA:819,0
DA:820,0
DA:821,0
DA:823,0
DA:824,0
DA:825,0
DA:826,0
DA:827,0
DA:829,0
DA:830,0
DA:831,0
DA:832,0
DA:834,0
DA:835,0
DA:836,0
DA:837,0
DA:839,0
DA:840,0
DA:842,0
DA:843,0
DA:844,0
DA:845,0
DA:851,11
DA:852,11
DA:853,11
DA:854,0
DA:855,11
DA:856,0
DA:857,11
DA:858,11
DA:860,22
DA:862,0
DA:863,0
DA:864,0
DA:867,11
DA:868,11
DA:870,11
DA:873,0
DA:874,0
DA:875,0
DA:877,11
DA:879,0
DA:880,0
DA:882,0
DA:883,0
DA:884,0
DA:887,0
DA:888,0
DA:890,0
DA:893,11
DA:894,11
DA:895,11
DA:897,11
DA:905,32
DA:906,0
DA:908,32
DA:909,96
DA:910,0
DA:913,32
DA:916,16
DA:917,16
DA:919,8
DA:920,8
DA:922,8
DA:923,8
DA:925,0
DA:932,96
DA:933,0
DA:934,32
DA:936,32
DA:937,32
DA:938,32
DA:944,0
DA:945,0
DA:950,0
DA:951,0
DA:953,0
DA:954,0
DA:955,0
DA:961,40
DA:962,0
DA:963,40
DA:964,0
DA:966,40
DA:968,0
DA:969,0
DA:970,0
DA:972,0
DA:975,0
DA:976,0
DA:977,0
DA:978,0
DA:979,0
DA:980,0
DA:981,0
DA:982,0
DA:983,0
DA:984,0
DA:985,40
DA:988,16
DA:989,16
DA:990,16
DA:991,16
DA:994,0
DA:995,0
DA:996,0
DA:997,0
DA:1000,0
DA:1002,0
DA:1003,0
DA:1004,0
DA:1005,0
DA:1006,0
DA:1007,0
DA:1014,16
DA:1015,0
DA:1017,16
DA:1018,0
DA:1019,16
DA:1020,16
DA:1021,16
DA:1022,16
DA:1023,40
DA:1024,40
DA:1030,0
DA:1031,0
DA:1032,0
DA:1033,0
DA:1034,0
DA:1036,0
DA:1037,0
DA:1039,0
DA:1041,0
DA:1042,0
DA:1043,0
DA:1044,0
DA:1045,0
DA:1046,0
DA:1047,0
DA:1048,0
DA:1049,0
DA:1052,0
DA:1054,0
DA:1055,0
DA:1056,0
DA:1057,0
DA:1058,0
DA:1059,0
DA:1062,0
DA:1063,0
DA:1064,0
DA:1067,0
DA:1068,0
DA:1074,16
DA:1076,16
DA:1077,16
DA:1078,32
DA:1079,16
DA:1080,16
DA:1082,0
DA:1083,16
DA:1084,16
DA:1086,0
DA:1087,16
DA:1093,0
DA:1095,0
DA:1096,0
DA:1098,0
DA:1099,0
DA:1100,0
DA:1102,0
DA:1103,0
DA:1105,0
DA:1106,0
DA:1107,0
DA:1108,0
DA:1124,22
DA:1169,11
DA:1170,33
DA:1171,11
DA:1287,11
DA:1288,8
DA:1290,3
DA:1291,8
LF:348
LH:140
end_of_record
SF:/Library/Developer/CommandLineTools/usr/include/c++/v1/initializer_list
FN:85,_ZNKSt16initializer_listIcE4sizeEv
FN:85,_ZNKSt16initializer_listINSt3__112basic_stringIcNS0_11char_traitsIcEENS0_9allocatorIcEEEEE4sizeEv
FN:89,_ZNKSt16initializer_listIcE5beginEv
FN:89,_ZNKSt16initializer_listINSt3__112basic_stringIcNS0_11char_traitsIcEENS0_9allocatorIcEEEEE5beginEv
FN:93,_ZNKSt16initializer_listIcE3endEv
FN:93,_ZNKSt16initializer_listINSt3__112basic_stringIcNS0_11char_traitsIcEENS0_9allocatorIcEEEEE3endEv
FNDA:24,_ZNKSt16initializer_listIcE4sizeEv
FNDA:24,_ZNKSt16initializer_listINSt3__112basic_stringIcNS0_11char_traitsIcEENS0_9allocatorIcEEEEE4sizeEv
FNDA:8,_ZNKSt16initializer_listIcE5beginEv
FNDA:8,_ZNKSt16initializer_listINSt3__112basic_stringIcNS0_11char_traitsIcEENS0_9allocatorIcEEEEE5beginEv
FNDA:8,_ZNKSt16initializer_listIcE3endEv
FNDA:8,_ZNKSt16initializer_listINSt3__112basic_stringIcNS0_11char_traitsIcEENS0_9allocatorIcEEEEE3endEv
FNF:6
FNH:6
DA:85,48
DA:89,16
DA:93,16
LF:3
LH:3
end_of_record
SF:/Library/Developer/CommandLineTools/usr/include/c++/v1/iomanip
FN:209,_ZNSt3__18__iom_t5C2Ei
FN:209,_ZNSt3__18__iom_t5C1Ei
FN:225,_ZNSt3__1lsIcNS_11char_traitsIcEEEERNS_13basic_ostreamIT_T0_EES7_RKNS_8__iom_t5E
FN:234,_ZNSt3__1L12setprecisionEi
FNDA:48,_ZNSt3__18__iom_t5C1Ei
FNDA:48,_ZNSt3__18__iom_t5C2Ei
FNDA:48,_ZNSt3__1lsIcNS_11char_traitsIcEEEERNS_13basic_ostreamIT_T0_EES7_RKNS_8__iom_t5E
FNDA:48,_ZNSt3__1L12setprecisionEi
FNF:4
FNH:4
DA:209,96
DA:227,48
DA:228,48
DA:236,48
LF:4
LH:4
end_of_record
SF:/Library/Developer/CommandLineTools/usr/include/c++/v1/ios
FN:336,_ZNSt3__18ios_baseC2Ev
FN:340,_ZNKSt3__18ios_base5rdbufEv
FN:440,_ZNKSt3__18ios_base5flagsEv
FN:465,_ZNSt3__18ios_base6unsetfEj
FN:472,_ZNSt3__18ios_base4setfEjj
FN:491,_ZNSt3__18ios_base9precisionEl
FN:502,_ZNKSt3__18ios_base5widthEv
FN:509,_ZNSt3__18ios_base5widthEl
FN:527,_ZNSt3__18ios_base8setstateEj
FN:569,_ZNSt3__18ios_base10exceptionsEj
FN:613,_ZNSt3__19basic_iosIcNS_11char_traitsIcEEE5clearEj
FN:614,_ZNSt3__19basic_iosIcNS_11char_traitsIcEEE8setstateEj
FN:621,_ZNSt3__19basic_iosIcNS_11char_traitsIcEEE10exceptionsEj
FN:656,_ZNSt3__19basic_iosIcNS_11char_traitsIcEEEC2Ev
FN:691,_ZNSt3__19basic_iosIcNS_11char_traitsIcEEE4initEPNS_15basic_streambufIcS2_EE
FN:719,_ZNKSt3__19basic_iosIcNS_11char_traitsIcEEE5rdbufEv
FN:757,_ZNKSt3__19basic_iosIcNS_11char_traitsIcEEE5widenEc
FN:765,_ZNKSt3__19basic_iosIcNS_11char_traitsIcEEE4fillEv
FN:989,_ZNSt3__1L5fixedERNS_8ios_baseE
FNDA:11,_ZNSt3__18ios_baseC2Ev
FNDA:214,_ZNKSt3__18ios_base5rdbufEv
FNDA:214,_ZNKSt3__18ios_base5flagsEv
FNDA:48,_ZNSt3__18ios_base6unsetfEj
FNDA:48,_ZNSt3__18ios_base4setfEjj
FNDA:48,_ZNSt3__18ios_base9precisionEl
FNDA:214,_ZNKSt3__18ios_base5widthEv
FNDA:214,_ZNSt3__18ios_base5widthEl
FNDA:3,_ZNSt3__18ios_base8setstateEj
FNDA:11,_ZNSt3__18ios_base10exceptionsEj
FNDA:8,_ZNSt3__19basic_iosIcNS_11char_traitsIcEEE5clearEj
FNDA:3,_ZNSt3__19basic_iosIcNS_11char_traitsIcEEE8setstateEj
FNDA:11,_ZNSt3__19basic_iosIcNS_11char_traitsIcEEE10exceptionsEj
FNDA:11,_ZNSt3__19basic_iosIcNS_11char_traitsIcEEEC2Ev
FNDA:11,_ZNSt3__19basic_iosIcNS_11char_traitsIcEEE4initEPNS_15basic_streambufIcS2_EE
FNDA:214,_ZNKSt3__19basic_iosIcNS_11char_traitsIcEEE5rdbufEv
FNDA:95,_ZNKSt3__19basic_iosIcNS_11char_traitsIcEEE5widenEc
FNDA:214,_ZNKSt3__19basic_iosIcNS_11char_traitsIcEEE4fillEv
FNDA:48,_ZNSt3__1L5fixedERNS_8ios_baseE
FNF:19
FNH:19
DA:336,11
DA:337,11
DA:340,214
DA:442,214
DA:467,48
DA:468,48
DA:474,48
DA:475,48
DA:476,48
DA:477,48
DA:493,48
DA:494,48
DA:495,48
DA:504,214
DA:511,214
DA:512,214
DA:513,214
DA:529,3
DA:530,3
DA:571,11
DA:572,11
DA:573,11
DA:613,8
DA:614,3
DA:621,11
DA:656,11
DA:657,11
DA:693,11
DA:694,11
DA:695,11
DA:696,11
DA:721,214
DA:759,285
DA:760,0
DA:767,214
DA:768,18
DA:769,214
DA:991,48
DA:992,48
LF:39
LH:38
end_of_record
SF:/Library/Developer/CommandLineTools/usr/include/c++/v1/iosfwd
FN:131,_ZNSt3__114basic_ifstreamIcNS_11char_traitsIcEEED0Ev
FN:131,_ZNSt3__114basic_ifstreamIcNS_11char_traitsIcEEED1Ev
FN:131,_ZNSt3__114basic_ifstreamIcNS_11char_traitsIcEEED2Ev
FNDA:11,_ZNSt3__114basic_ifstreamIcNS_11char_traitsIcEEED1Ev
FNDA:0,_ZNSt3__114basic_ifstreamIcNS_11char_traitsIcEEED0Ev
FNDA:11,_ZNSt3__114basic_ifstreamIcNS_11char_traitsIcEEED2Ev
FNF:3
FNH:2
DA:131,22
LF:1
LH:1
end_of_record
SF:/Library/Developer/CommandLineTools/usr/include/c++/v1/istream
FN:190,_ZNSt3__113basic_istreamIcNS_11char_traitsIcEEEC2EPNS_15basic_streambufIcS2_EE
FNDA:11,_ZNSt3__113basic_istreamIcNS_11char_traitsIcEEEC2EPNS_15basic_streambufIcS2_EE
FNF:1
FNH:1
DA:190,11
DA:191,22
LF:2
LH:2
end_of_record
SF:/Library/Developer/CommandLineTools/usr/include/c++/v1/iterator
FN:541,_ZNSt3__1L9__advanceINS_21__tree_const_iteratorINS_12__value_typeINS_12basic_stringIcNS_11char_traitsIcEENS_9allocatorIcEEEEmEEPNS_11__tree_nodeIS9_PvEElEEEEvRT_NS_15iterator_traitsISF_E15difference_typeENS_26bidirectional_iterator_tagE
FN:562,_ZNSt3__1L7advanceINS_21__tree_const_iteratorINS_12__value_typeINS_12basic_stringIcNS_11char_traitsIcEENS_9allocatorIcEEEEmEEPNS_11__tree_nodeIS9_PvEElEEEEvRT_NS_15iterator_traitsISF_E15difference_typeE
FN:582,_ZNSt3__1L10__distanceINS_11__wrap_iterIPNS_12basic_stringIcNS_11char_traitsIcEENS_9allocatorIcEEEEEEEENS_15iterator_traitsIT_E15difference_typeESB_SB_NS_26random_access_iterator_tagE
FN:582,_ZNSt3__1L10__distanceINS_11__wrap_iterIPNS_6vectorINS_12basic_stringIcNS_11char_traitsIcEENS_9allocatorIcEEEENS6_IS8_EEEEEEEENS_15iterator_traitsIT_E15difference_typeESE_SE_NS_26random_access_iterator_tagE
FN:582,_ZNSt3__1L10__distanceINS_11__wrap_iterIPKNS_12basic_stringIcNS_11char_traitsIcEENS_9allocatorIcEEEEEEEENS_15iterator_traitsIT_E15difference_typeESC_SC_NS_26random_access_iterator_tagE
FN:590,_ZNSt3__1L8distanceINS_11__wrap_iterIPNS_12basic_stringIcNS_11char_traitsIcEENS_9allocatorIcEEEEEEEENS_15iterator_traitsIT_E15difference_typeESB_SB_
FN:590,_ZNSt3__1L8distanceINS_11__wrap_iterIPKNS_12basic_stringIcNS_11char_traitsIcEENS_9allocatorIcEEEEEEEENS_15iterator_traitsIT_E15difference_typeESC_SC_
FN:590,_ZNSt3__1L8distanceINS_11__wrap_iterIPNS_6vectorINS_12basic_stringIcNS_11char_traitsIcEENS_9allocatorIcEEEENS6_IS8_EEEEEEEENS_15iterator_traitsIT_E15difference_typeESE_SE_
FN:602,_ZNSt3__1L4nextINS_21__tree_const_iteratorINS_12__value_typeINS_12basic_stringIcNS_11char_traitsIcEENS_9allocatorIcEEEEmEEPNS_11__tree_nodeIS9_PvEElEEEENS_9enable_ifIXsr19__is_input_iteratorIT_EE5valueESG_E4typeESG_NS_15iterator_traitsISG_E15difference_typeE
FN:657,_ZNSt3__116reverse_iteratorINS_11__wrap_iterIPcEEEC1ES3_
FN:657,_ZNSt3__116reverse_iteratorINS_11__wrap_iterIPcEEEC2ES3_
FN:666,_ZNKSt3__116reverse_iteratorINS_11__wrap_iterIPcEEE4baseEv
FN:668,_ZNKSt3__116reverse_iteratorINS_11__wrap_iterIPcEEEdeEv
FN:672,_ZNSt3__116reverse_iteratorINS_11__wrap_iterIPcEEEppEv
FN:710,_ZNSt3__1neINS_11__wrap_iterIPcEES3_EEbRKNS_16reverse_iteratorIT_EERKNS4_IT0_EE
FN:1049,_ZNSt3__119ostreambuf_iteratorIcNS_11char_traitsIcEEEC2ERNS_13basic_ostreamIcS2_EE
FN:1049,_ZNSt3__119ostreambuf_iteratorIcNS_11char_traitsIcEEEC1ERNS_13basic_ostreamIcS2_EE
FN:1062,_ZNKSt3__119ostreambuf_iteratorIcNS_11char_traitsIcEEE6failedEv
FN:1319,_ZNSt3__111__wrap_iterIPKcEC2IPcEERKNS0_IT_EEPNS_9enable_ifIXsr14is_convertibleIS6_S2_EE5valueEvE4typeE
FN:1319,_ZNSt3__111__wrap_iterIPKcEC1IPcEERKNS0_IT_EEPNS_9enable_ifIXsr14is_convertibleIS6_S2_EE5valueEvE4typeE
FN:1350,_ZNKSt3__111__wrap_iterIPKNS_12basic_stringIcNS_11char_traitsIcEENS_9allocatorIcEEEEEdeEv
FN:1350,_ZNKSt3__111__wrap_iterIPNS_12basic_stringIcNS_11char_traitsIcEENS_9allocatorIcEEEEEdeEv
FN:1350,_ZNKSt3__111__wrap_iterIPKcEdeEv
FN:1350,_ZNKSt3__111__wrap_iterIPcEdeEv
FN:1350,_ZNKSt3__111__wrap_iterIPNS_6vectorINS_12basic_stringIcNS_11char_traitsIcEENS_9allocatorIcEEEENS5_IS7_EEEEEdeEv
FN:1358,_ZNKSt3__111__wrap_iterIPNS_6vectorINS_12basic_stringIcNS_11char_traitsIcEENS_9allocatorIcEEEENS5_IS7_EEEEEptEv
FN:1366,_ZNSt3__111__wrap_iterIPNS_6vectorINS_12basic_stringIcNS_11char_traitsIcEENS_9allocatorIcEEEENS5_IS7_EEEEEppEv
FN:1366,_ZNSt3__111__wrap_iterIPcEppEv
FN:1366,_ZNSt3__111__wrap_iterIPKNS_12basic_stringIcNS_11char_traitsIcEENS_9allocatorIcEEEEEppEv
FN:1366,_ZNSt3__111__wrap_iterIPNS_12basic_stringIcNS_11char_traitsIcEENS_9allocatorIcEEEEEppEv
FN:1366,_ZNSt3__111__wrap_iterIPKcEppEv
FN:1378,_ZNSt3__111__wrap_iterIPcEmmEv
FN:1389,_ZNKSt3__111__wrap_iterIPcEplEl
FN:1389,_ZNKSt3__111__wrap_iterIPNS_12basic_stringIcNS_11char_traitsIcEENS_9allocatorIcEEEEEplEl
FN:1391,_ZNSt3__111__wrap_iterIPNS_12basic_stringIcNS_11char_traitsIcEENS_9allocatorIcEEEEEpLEl
FN:1391,_ZNSt3__111__wrap_iterIPcEpLEl
FN:1413,_ZNKSt3__111__wrap_iterIPKcE4baseEv
FN:1413,_ZNKSt3__111__wrap_iterIPNS_6vectorINS_12basic_stringIcNS_11char_traitsIcEENS_9allocatorIcEEEENS5_IS7_EEEEE4baseEv
FN:1413,_ZNKSt3__111__wrap_iterIPNS_12basic_stringIcNS_11char_traitsIcEENS_9allocatorIcEEEEE4baseEv
FN:1413,_ZNKSt3__111__wrap_iterIPKNS_12basic_stringIcNS_11char_traitsIcEENS_9allocatorIcEEEEE4baseEv
FN:1413,_ZNKSt3__111__wrap_iterIPcE4baseEv
FN:1422,_ZNSt3__111__wrap_iterIPKcEC1ES2_
FN:1422,_ZNSt3__111__wrap_iterIPKNS_12basic_stringIcNS_11char_traitsIcEENS_9allocatorIcEEEEEC2ES8_
FN:1422,_ZNSt3__111__wrap_iterIPcEC2ES1_
FN:1422,_ZNSt3__111__wrap_iterIPKNS_12basic_stringIcNS_11char_traitsIcEENS_9allocatorIcEEEEEC1ES8_
FN:1422,_ZNSt3__111__wrap_iterIPKcEC2ES2_
FN:1422,_ZNSt3__111__wrap_iterIPNS_6vectorINS_12basic_stringIcNS_11char_traitsIcEENS_9allocatorIcEEEENS5_IS7_EEEEEC2ESA_
FN:1422,_ZNSt3__111__wrap_iterIPNS_12basic_stringIcNS_11char_traitsIcEENS_9allocatorIcEEEEEC1ES7_
FN:1422,_ZNSt3__111__wrap_iterIPcEC1ES1_
FN:1422,_ZNSt3__111__wrap_iterIPNS_6vectorINS_12basic_stringIcNS_11char_traitsIcEENS_9allocatorIcEEEENS5_IS7_EEEEEC1ESA_
FN:1422,_ZNSt3__111__wrap_iterIPNS_12basic_stringIcNS_11char_traitsIcEENS_9allocatorIcEEEEEC2ES7_
FN:1427,_ZNSt3__16vectorIcNS_9allocatorIcEEED2Ev
FN:1427,_ZNSt3__16vectorIfNS_9allocatorIfEEED1Ev
FN:1427,_ZNSt3__16vectorIfNS_9allocatorIfEEED2Ev
FN:1427,_ZNSt3__16vectorIcNS_9allocatorIcEEED1Ev
FN:1507,_ZNSt3__1eqIPKNS_12basic_stringIcNS_11char_traitsIcEENS_9allocatorIcEEEES8_EEbRKNS_11__wrap_iterIT_EERKNS9_IT0_EE
FN:1507,_ZNSt3__1eqIPKcS2_EEbRKNS_11__wrap_iterIT_EERKNS3_IT0_EE
FN:1507,_ZNSt3__1eqIPNS_12basic_stringIcNS_11char_traitsIcEENS_9allocatorIcEEEES7_EEbRKNS_11__wrap_iterIT_EERKNS8_IT0_EE
FN:1507,_ZNSt3__1eqIPcS1_EEbRKNS_11__wrap_iterIT_EERKNS2_IT0_EE
FN:1507,_ZNSt3__1eqIPNS_6vectorINS_12basic_stringIcNS_11char_traitsIcEENS_9allocatorIcEEEENS5_IS7_EEEESA_EEbRKNS_11__wrap_iterIT_EERKNSB_IT0_EE
FN:1559,_ZNSt3__1neIPcEEbRKNS_11__wrap_iterIT_EES6_
FN:1559,_ZNSt3__1neIPNS_12basic_stringIcNS_11char_traitsIcEENS_9allocatorIcEEEEEEbRKNS_11__wrap_iterIT_EESC_
FN:1559,_ZNSt3__1neIPKcEEbRKNS_11__wrap_iterIT_EES7_
FN:1559,_ZNSt3__1neIPKNS_12basic_stringIcNS_11char_traitsIcEENS_9allocatorIcEEEEEEbRKNS_11__wrap_iterIT_EESD_
FN:1559,_ZNSt3__1neIPNS_6vectorINS_12basic_stringIcNS_11char_traitsIcEENS_9allocatorIcEEEENS5_IS7_EEEEEEbRKNS_11__wrap_iterIT_EESF_
FN:1592,_ZNSt3__1miIPKNS_12basic_stringIcNS_11char_traitsIcEENS_9allocatorIcEEEES8_EEDTmicldtfp_4baseEcldtfp0_4baseEERKNS_11__wrap_iterIT_EERKNSA_IT0_EE
FN:1592,_ZNSt3__1miIPNS_12basic_stringIcNS_11char_traitsIcEENS_9allocatorIcEEEES7_EEDTmicldtfp_4baseEcldtfp0_4baseEERKNS_11__wrap_iterIT_EERKNS9_IT0_EE
FN:1592,_ZNSt3__1miIPKcS2_EEDTmicldtfp_4baseEcldtfp0_4baseEERKNS_11__wrap_iterIT_EERKNS4_IT0_EE
FN:1592,_ZNSt3__1miIPNS_6vectorINS_12basic_stringIcNS_11char_traitsIcEENS_9allocatorIcEEEENS5_IS7_EEEESA_EEDTmicldtfp_4baseEcldtfp0_4baseEERKNS_11__wrap_iterIT_EERKNSC_IT0_EE
FN:1592,_ZNSt3__1miIPKcPcEEDTmicldtfp_4baseEcldtfp0_4baseEERKNS_11__wrap_iterIT_EERKNS5_IT0_EE
FNDA:0,_ZNSt3__1L9__advanceINS_21__tree_const_iteratorINS_12__value_typeINS_12basic_stringIcNS_11char_traitsIcEENS_9allocatorIcEEEEmEEPNS_11__tree_nodeIS9_PvEElEEEEvRT_NS_15iterator_traitsISF_E15difference_typeENS_26bidirectional_iterator_tagE
FNDA:0,_ZNSt3__1L7advanceINS_21__tree_const_iteratorINS_12__value_typeINS_12basic_stringIcNS_11char_traitsIcEENS_9allocatorIcEEEEmEEPNS_11__tree_nodeIS9_PvEElEEEEvRT_NS_15iterator_traitsISF_E15difference_typeE
FNDA:8,_ZNSt3__1L10__distanceINS_11__wrap_iterIPNS_12basic_stringIcNS_11char_traitsIcEENS_9allocatorIcEEEEEEEENS_15iterator_traitsIT_E15difference_typeESB_SB_NS_26random_access_iterator_tagE
FNDA:73,_ZNSt3__1L10__distanceINS_11__wrap_iterIPNS_6vectorINS_12basic_stringIcNS_11char_traitsIcEENS_9allocatorIcEEEENS6_IS8_EEEEEEEENS_15iterator_traitsIT_E15difference_typeESE_SE_NS_26random_access_iterator_tagE
FNDA:585,_ZNSt3__1L10__distanceINS_11__wrap_iterIPKNS_12basic_stringIcNS_11char_traitsIcEENS_9allocatorIcEEEEEEEENS_15iterator_traitsIT_E15difference_typeESC_SC_NS_26random_access_iterator_tagE
FNDA:8,_ZNSt3__1L8distanceINS_11__wrap_iterIPNS_12basic_stringIcNS_11char_traitsIcEENS_9allocatorIcEEEEEEEENS_15iterator_traitsIT_E15difference_typeESB_SB_
FNDA:73,_ZNSt3__1L8distanceINS_11__wrap_iterIPNS_6vectorINS_12basic_stringIcNS_11char_traitsIcEENS_9allocatorIcEEEENS6_IS8_EEEEEEEENS_15iterator_traitsIT_E15difference_typeESE_SE_
FNDA:585,_ZNSt3__1L8distanceINS_11__wrap_iterIPKNS_12basic_stringIcNS_11char_traitsIcEENS_9allocatorIcEEEEEEEENS_15iterator_traitsIT_E15difference_typeESC_SC_
FNDA:0,_ZNSt3__1L4nextINS_21__tree_const_iteratorINS_12__value_typeINS_12basic_stringIcNS_11char_traitsIcEENS_9allocatorIcEEEEmEEPNS_11__tree_nodeIS9_PvEElEEEENS_9enable_ifIXsr19__is_input_iteratorIT_EE5valueESG_E4typeESG_NS_15iterator_traitsISG_E15difference_typeE
FNDA:0,_ZNSt3__116reverse_iteratorINS_11__wrap_iterIPcEEEC1ES3_
FNDA:0,_ZNSt3__116reverse_iteratorINS_11__wrap_iterIPcEEEC2ES3_
FNDA:0,_ZNKSt3__116reverse_iteratorINS_11__wrap_iterIPcEEE4baseEv
FNDA:0,_ZNKSt3__116reverse_iteratorINS_11__wrap_iterIPcEEEdeEv
FNDA:0,_ZNSt3__116reverse_iteratorINS_11__wrap_iterIPcEEEppEv
FNDA:0,_ZNSt3__1neINS_11__wrap_iterIPcEES3_EEbRKNS_16reverse_iteratorIT_EERKNS4_IT0_EE
FNDA:214,_ZNSt3__119ostreambuf_iteratorIcNS_11char_traitsIcEEEC1ERNS_13basic_ostreamIcS2_EE
FNDA:214,_ZNSt3__119ostreambuf_iteratorIcNS_11char_traitsIcEEEC2ERNS_13basic_ostreamIcS2_EE
FNDA:214,_ZNKSt3__119ostreambuf_iteratorIcNS_11char_traitsIcEEE6failedEv
FNDA:0,_ZNSt3__111__wrap_iterIPKcEC1IPcEERKNS0_IT_EEPNS_9enable_ifIXsr14is_convertibleIS6_S2_EE5valueEvE4typeE
FNDA:0,_ZNSt3__111__wrap_iterIPKcEC2IPcEERKNS0_IT_EEPNS_9enable_ifIXsr14is_convertibleIS6_S2_EE5valueEvE4typeE
FNDA:16,_ZNKSt3__111__wrap_iterIPKcEdeEv
FNDA:190,_ZNKSt3__111__wrap_iterIPNS_12basic_stringIcNS_11char_traitsIcEENS_9allocatorIcEEEEEdeEv
FNDA:147,_ZNKSt3__111__wrap_iterIPNS_6vectorINS_12basic_stringIcNS_11char_traitsIcEENS_9allocatorIcEEEENS5_IS7_EEEEEdeEv
FNDA:432,_ZNKSt3__111__wrap_iterIPcEdeEv
FNDA:716,_ZNKSt3__111__wrap_iterIPKNS_12basic_stringIcNS_11char_traitsIcEENS_9allocatorIcEEEEEdeEv
FNDA:67,_ZNKSt3__111__wrap_iterIPNS_6vectorINS_12basic_stringIcNS_11char_traitsIcEENS_9allocatorIcEEEENS5_IS7_EEEEEptEv
FNDA:0,_ZNSt3__111__wrap_iterIPKcEppEv
FNDA:190,_ZNSt3__111__wrap_iterIPNS_12basic_stringIcNS_11char_traitsIcEENS_9allocatorIcEEEEEppEv
FNDA:220,_ZNSt3__111__wrap_iterIPNS_6vectorINS_12basic_stringIcNS_11char_traitsIcEENS_9allocatorIcEEEENS5_IS7_EEEEEppEv
FNDA:432,_ZNSt3__111__wrap_iterIPcEppEv
FNDA:750,_ZNSt3__111__wrap_iterIPKNS_12basic_stringIcNS_11char_traitsIcEENS_9allocatorIcEEEEEppEv
FNDA:0,_ZNSt3__111__wrap_iterIPcEmmEv
FNDA:0,_ZNKSt3__111__wrap_iterIPcEplEl
FNDA:8,_ZNKSt3__111__wrap_iterIPNS_12basic_stringIcNS_11char_traitsIcEENS_9allocatorIcEEEEEplEl
FNDA:0,_ZNSt3__111__wrap_iterIPcEpLEl
FNDA:8,_ZNSt3__111__wrap_iterIPNS_12basic_stringIcNS_11char_traitsIcEENS_9allocatorIcEEEEEpLEl
FNDA:16,_ZNKSt3__111__wrap_iterIPKcE4baseEv
FNDA:576,_ZNKSt3__111__wrap_iterIPcE4baseEv
FNDA:426,_ZNKSt3__111__wrap_iterIPNS_12basic_stringIcNS_11char_traitsIcEENS_9allocatorIcEEEEE4baseEv
FNDA:614,_ZNKSt3__111__wrap_iterIPNS_6vectorINS_12basic_stringIcNS_11char_traitsIcEENS_9allocatorIcEEEENS5_IS7_EEEEE4baseEv
FNDA:2634,_ZNKSt3__111__wrap_iterIPKNS_12basic_stringIcNS_11char_traitsIcEENS_9allocatorIcEEEEE4baseEv
FNDA:24,_ZNSt3__111__wrap_iterIPKcEC1ES2_
FNDA:24,_ZNSt3__111__wrap_iterIPKcEC2ES2_
FNDA:32,_ZNSt3__111__wrap_iterIPNS_12basic_stringIcNS_11char_traitsIcEENS_9allocatorIcEEEEEC1ES7_
FNDA:32,_ZNSt3__111__wrap_iterIPNS_12basic_stringIcNS_11char_traitsIcEENS_9allocatorIcEEEEEC2ES7_
FNDA:174,_ZNSt3__111__wrap_iterIPNS_6vectorINS_12basic_stringIcNS_11char_traitsIcEENS_9allocatorIcEEEENS5_IS7_EEEEEC1ESA_
FNDA:174,_ZNSt3__111__wrap_iterIPNS_6vectorINS_12basic_stringIcNS_11char_traitsIcEENS_9allocatorIcEEEENS5_IS7_EEEEEC2ESA_
FNDA:216,_ZNSt3__111__wrap_iterIPcEC1ES1_
FNDA:216,_ZNSt3__111__wrap_iterIPcEC2ES1_
FNDA:1313,_ZNSt3__111__wrap_iterIPKNS_12basic_stringIcNS_11char_traitsIcEENS_9allocatorIcEEEEEC1ES8_
FNDA:1313,_ZNSt3__111__wrap_iterIPKNS_12basic_stringIcNS_11char_traitsIcEENS_9allocatorIcEEEEEC2ES8_
FNDA:53,_ZNSt3__16vectorIfNS_9allocatorIfEEED1Ev
FNDA:24,_ZNSt3__16vectorIcNS_9allocatorIcEEED1Ev
FNDA:24,_ZNSt3__16vectorIcNS_9allocatorIcEEED2Ev
FNDA:53,_ZNSt3__16vectorIfNS_9allocatorIfEEED2Ev
FNDA:8,_ZNSt3__1eqIPKcS2_EEbRKNS_11__wrap_iterIT_EERKNS3_IT0_EE
FNDA:288,_ZNSt3__1eqIPcS1_EEbRKNS_11__wrap_iterIT_EERKNS2_IT0_EE
FNDA:205,_ZNSt3__1eqIPNS_12basic_stringIcNS_11char_traitsIcEENS_9allocatorIcEEEES7_EEbRKNS_11__wrap_iterIT_EERKNS8_IT0_EE
FNDA:234,_ZNSt3__1eqIPNS_6vectorINS_12basic_stringIcNS_11char_traitsIcEENS_9allocatorIcEEEENS5_IS7_EEEESA_EEbRKNS_11__wrap_iterIT_EERKNSB_IT0_EE
FNDA:732,_ZNSt3__1eqIPKNS_12basic_stringIcNS_11char_traitsIcEENS_9allocatorIcEEEES8_EEbRKNS_11__wrap_iterIT_EERKNS9_IT0_EE
FNDA:8,_ZNSt3__1neIPKcEEbRKNS_11__wrap_iterIT_EES7_
FNDA:205,_ZNSt3__1neIPNS_12basic_stringIcNS_11char_traitsIcEENS_9allocatorIcEEEEEEbRKNS_11__wrap_iterIT_EESC_
FNDA:234,_ZNSt3__1neIPNS_6vectorINS_12basic_stringIcNS_11char_traitsIcEENS_9allocatorIcEEEENS5_IS7_EEEEEEbRKNS_11__wrap_iterIT_EESF_
FNDA:288,_ZNSt3__1neIPcEEbRKNS_11__wrap_iterIT_EES6_
FNDA:732,_ZNSt3__1neIPKNS_12basic_stringIcNS_11char_traitsIcEENS_9allocatorIcEEEEEEbRKNS_11__wrap_iterIT_EESD_
FNDA:0,_ZNSt3__1miIPKcPcEEDTmicldtfp_4baseEcldtfp0_4baseEERKNS_11__wrap_iterIT_EERKNS5_IT0_EE
FNDA:0,_ZNSt3__1miIPKcS2_EEDTmicldtfp_4baseEcldtfp0_4baseEERKNS_11__wrap_iterIT_EERKNS4_IT0_EE
FNDA:8,_ZNSt3__1miIPNS_12basic_stringIcNS_11char_traitsIcEENS_9allocatorIcEEEES7_EEDTmicldtfp_4baseEcldtfp0_4baseEERKNS_11__wrap_iterIT_EERKNS9_IT0_EE
FNDA:73,_ZNSt3__1miIPNS_6vectorINS_12basic_stringIcNS_11char_traitsIcEENS_9allocatorIcEEEENS5_IS7_EEEESA_EEDTmicldtfp_4baseEcldtfp0_4baseEERKNS_11__wrap_iterIT_EERKNSC_IT0_EE
FNDA:585,_ZNSt3__1miIPKNS_12basic_stringIcNS_11char_traitsIcEENS_9allocatorIcEEEES8_EEDTmicldtfp_4baseEcldtfp0_4baseEERKNS_11__wrap_iterIT_EERKNSA_IT0_EE
FNF:70
FNH:53
DA:544,0
DA:545,0
DA:546,0
DA:548,0
DA:549,0
DA:550,0
DA:565,0
DA:566,0
DA:584,666
DA:592,666
DA:605,0
DA:606,0
DA:657,0
DA:666,0
DA:668,0
DA:672,0
DA:712,0
DA:1050,642
DA:1062,214
DA:1321,0
DA:1322,0
DA:1326,0
DA:1356,1501
DA:1364,67
DA:1372,1592
DA:1373,1592
DA:1384,0
DA:1385,0
DA:1390,8
DA:1397,8
DA:1398,8
DA:1413,4266
DA:1422,3518
DA:1427,154
DA:1509,1467
DA:1561,1467
DA:1599,666
LF:37
LH:17
end_of_record
SF:/Library/Developer/CommandLineTools/usr/include/c++/v1/limits
FN:213,_ZNSt3__123__libcpp_numeric_limitsIlLb1EE3maxEv
FN:425,_ZNSt3__123__libcpp_numeric_limitsIeLb1EE13signaling_NaNEv
FN:450,_ZNSt3__114numeric_limitsIlE3maxEv
FN:475,_ZNSt3__114numeric_limitsIeE13signaling_NaNEv
FNDA:854,_ZNSt3__123__libcpp_numeric_limitsIlLb1EE3maxEv
FNDA:11,_ZNSt3__123__libcpp_numeric_limitsIeLb1EE13signaling_NaNEv
FNDA:854,_ZNSt3__114numeric_limitsIlE3maxEv
FNDA:11,_ZNSt3__114numeric_limitsIeE13signaling_NaNEv
FNF:4
FNH:4
DA:213,1708
DA:425,22
DA:450,1708
DA:475,22
LF:4
LH:4
end_of_record
SF:/Library/Developer/CommandLineTools/usr/include/c++/v1/locale
FN:1382,_ZNSt3__116__pad_and_outputIcNS_11char_traitsIcEEEENS_19ostreambuf_iteratorIT_T0_EES6_PKS4_S8_S8_RNS_8ios_baseES4_
FNDA:214,_ZNSt3__116__pad_and_outputIcNS_11char_traitsIcEEEENS_19ostreambuf_iteratorIT_T0_EES6_PKS4_S8_S8_RNS_8ios_baseES4_
FNF:1
FNH:1
DA:1386,214
DA:1387,0
DA:1388,214
DA:1389,214
DA:1390,214
DA:1391,0
DA:1393,214
DA:1394,214
DA:1395,214
DA:1397,0
DA:1399,0
DA:1400,0
DA:1402,0
DA:1403,214
DA:1405,0
DA:1406,0
DA:1408,0
DA:1409,0
DA:1411,0
DA:1412,214
DA:1413,214
DA:1415,214
DA:1417,0
DA:1418,0
DA:1420,214
DA:1421,214
DA:1422,214
DA:1423,214
LF:28
LH:15
end_of_record
SF:/Library/Developer/CommandLineTools/usr/include/c++/v1/map
FN:481,_ZNSt3__119__map_value_compareINS_12basic_stringIcNS_11char_traitsIcEENS_9allocatorIcEEEENS_12__value_typeIS6_mEENS_4lessIS6_EELb1EEC1ESA_
FN:481,_ZNSt3__119__map_value_compareINS_12basic_stringIcNS_11char_traitsIcEENS_9allocatorIcEEEENS_12__value_typeIS6_mEENS_4lessIS6_EELb1EEC2ESA_
FN:490,_ZNKSt3__119__map_value_compareINS_12basic_stringIcNS_11char_traitsIcEENS_9allocatorIcEEEENS_12__value_typeIS6_mEENS_4lessIS6_EELb1EEclERKS8_RKS6_
FN:493,_ZNKSt3__119__map_value_compareINS_12basic_stringIcNS_11char_traitsIcEENS_9allocatorIcEEEENS_12__value_typeIS6_mEENS_4lessIS6_EELb1EEclERKS6_RKS8_
FN:645,_ZNSt3__112__value_typeINS_12basic_stringIcNS_11char_traitsIcEENS_9allocatorIcEEEEmE11__get_valueEv
FN:655,_ZNKSt3__112__value_typeINS_12basic_stringIcNS_11char_traitsIcEENS_9allocatorIcEEEEmE11__get_valueEv
FN:769,_ZNSt3__114__map_iteratorINS_15__tree_iteratorINS_12__value_typeINS_12basic_stringIcNS_11char_traitsIcEENS_9allocatorIcEEEEmEEPNS_11__tree_nodeIS9_PvEElEEEC1ESE_
FN:769,_ZNSt3__114__map_iteratorINS_15__tree_iteratorINS_12__value_typeINS_12basic_stringIcNS_11char_traitsIcEENS_9allocatorIcEEEEmEEPNS_11__tree_nodeIS9_PvEElEEEC2ESE_
FN:828,_ZNSt3__120__map_const_iteratorINS_21__tree_const_iteratorINS_12__value_typeINS_12basic_stringIcNS_11char_traitsIcEENS_9allocatorIcEEEEmEEPNS_11__tree_nodeIS9_PvEElEEEC2ESE_
FN:828,_ZNSt3__120__map_const_iteratorINS_21__tree_const_iteratorINS_12__value_typeINS_12basic_stringIcNS_11char_traitsIcEENS_9allocatorIcEEEEmEEPNS_11__tree_nodeIS9_PvEElEEEC1ESE_
FN:835,_ZNKSt3__120__map_const_iteratorINS_21__tree_const_iteratorINS_12__value_typeINS_12basic_stringIcNS_11char_traitsIcEENS_9allocatorIcEEEEmEEPNS_11__tree_nodeIS9_PvEElEEEdeEv
FN:840,_ZNSt3__120__map_const_iteratorINS_21__tree_const_iteratorINS_12__value_typeINS_12basic_stringIcNS_11char_traitsIcEENS_9allocatorIcEEEEmEEPNS_11__tree_nodeIS9_PvEElEEEppEv
FN:863,_ZNSt3__1neERKNS_20__map_const_iteratorINS_21__tree_const_iteratorINS_12__value_typeINS_12basic_stringIcNS_11char_traitsIcEENS_9allocatorIcEEEEmEEPNS_11__tree_nodeIS9_PvEElEEEESH_
FN:873,_ZNSt3__13mapINS_12basic_stringIcNS_11char_traitsIcEENS_9allocatorIcEEEEmNS_4lessIS6_EENS4_INS_4pairIKS6_mEEEEED2Ev
FN:873,_ZNSt3__13mapINS_12basic_stringIcNS_11char_traitsIcEENS_9allocatorIcEEEEmNS_4lessIS6_EENS4_INS_4pairIKS6_mEEEEED1Ev
FN:931,_ZNSt3__13mapINS_12basic_stringIcNS_11char_traitsIcEENS_9allocatorIcEEEEmNS_4lessIS6_EENS4_INS_4pairIKS6_mEEEEEC1Ev
FN:931,_ZNSt3__13mapINS_12basic_stringIcNS_11char_traitsIcEENS_9allocatorIcEEEEmNS_4lessIS6_EENS4_INS_4pairIKS6_mEEEEEC2Ev
FN:975,_ZNSt3__13mapINS_12basic_stringIcNS_11char_traitsIcEENS_9allocatorIcEEEEmNS_4lessIS6_EENS4_INS_4pairIKS6_mEEEEEC1ERKSD_
FN:975,_ZNSt3__13mapINS_12basic_stringIcNS_11char_traitsIcEENS_9allocatorIcEEEEmNS_4lessIS6_EENS4_INS_4pairIKS6_mEEEEEC2ERKSD_
FN:1061,_ZNKSt3__13mapINS_12basic_stringIcNS_11char_traitsIcEENS_9allocatorIcEEEEmNS_4lessIS6_EENS4_INS_4pairIKS6_mEEEEE5beginEv
FN:1065,_ZNKSt3__13mapINS_12basic_stringIcNS_11char_traitsIcEENS_9allocatorIcEEEEmNS_4lessIS6_EENS4_INS_4pairIKS6_mEEEEE3endEv
FN:1082,_ZNKSt3__13mapINS_12basic_stringIcNS_11char_traitsIcEENS_9allocatorIcEEEEmNS_4lessIS6_EENS4_INS_4pairIKS6_mEEEEE4cendEv
FN:1143,_ZNSt3__13mapINS_12basic_stringIcNS_11char_traitsIcEENS_9allocatorIcEEEEmNS_4lessIS6_EENS4_INS_4pairIKS6_mEEEEE6insertENS_20__map_const_iteratorINS_21__tree_const_iteratorINS_12__value_typeIS6_mEEPNS_11__tree_nodeISH_PvEElEEEERKSB_
FN:1162,_ZNSt3__13mapINS_12basic_stringIcNS_11char_traitsIcEENS_9allocatorIcEEEEmNS_4lessIS6_EENS4_INS_4pairIKS6_mEEEEE6insertINS_20__map_const_iteratorINS_21__tree_const_iteratorINS_12__value_typeIS6_mEEPNS_11__tree_nodeISI_PvEElEEEEEEvT_SP_
FN:1275,_ZNSt3__13mapINS_12basic_stringIcNS_11char_traitsIcEENS_9allocatorIcEEEEmNS_4lessIS6_EENS4_INS_4pairIKS6_mEEEEE5clearEv
FN:1314,_ZNKSt3__13mapINS_12basic_stringIcNS_11char_traitsIcEENS_9allocatorIcEEEEmNS_4lessIS6_EENS4_INS_4pairIKS6_mEEEEE4findERSA_
FN:1419,_ZNSt3__13mapINS_12basic_stringIcNS_11char_traitsIcEENS_9allocatorIcEEEEmNS_4lessIS6_EENS4_INS_4pairIKS6_mEEEEEixERSA_
FN:1485,_ZNKSt3__13mapINS_12basic_stringIcNS_11char_traitsIcEENS_9allocatorIcEEEEmNS_4lessIS6_EENS4_INS_4pairIKS6_mEEEEE2atERSA_
FNDA:22,_ZNSt3__119__map_value_compareINS_12basic_stringIcNS_11char_traitsIcEENS_9allocatorIcEEEENS_12__value_typeIS6_mEENS_4lessIS6_EELb1EEC1ESA_
FNDA:22,_ZNSt3__119__map_value_compareINS_12basic_stringIcNS_11char_traitsIcEENS_9allocatorIcEEEENS_12__value_typeIS6_mEENS_4lessIS6_EELb1EEC2ESA_
FNDA:1236,_ZNKSt3__119__map_value_compareINS_12basic_stringIcNS_11char_traitsIcEENS_9allocatorIcEEEENS_12__value_typeIS6_mEENS_4lessIS6_EELb1EEclERKS8_RKS6_
FNDA:990,_ZNKSt3__119__map_value_compareINS_12basic_stringIcNS_11char_traitsIcEENS_9allocatorIcEEEENS_12__value_typeIS6_mEENS_4lessIS6_EELb1EEclERKS6_RKS8_
FNDA:1713,_ZNSt3__112__value_typeINS_12basic_stringIcNS_11char_traitsIcEENS_9allocatorIcEEEEmE11__get_valueEv
FNDA:2778,_ZNKSt3__112__value_typeINS_12basic_stringIcNS_11char_traitsIcEENS_9allocatorIcEEEEmE11__get_valueEv
FNDA:552,_ZNSt3__114__map_iteratorINS_15__tree_iteratorINS_12__value_typeINS_12basic_stringIcNS_11char_traitsIcEENS_9allocatorIcEEEEmEEPNS_11__tree_nodeIS9_PvEElEEEC1ESE_
FNDA:552,_ZNSt3__114__map_iteratorINS_15__tree_iteratorINS_12__value_typeINS_12basic_stringIcNS_11char_traitsIcEENS_9allocatorIcEEEEmEEPNS_11__tree_nodeIS9_PvEElEEEC2ESE_
FNDA:778,_ZNSt3__120__map_const_iteratorINS_21__tree_const_iteratorINS_12__value_typeINS_12basic_stringIcNS_11char_traitsIcEENS_9allocatorIcEEEEmEEPNS_11__tree_nodeIS9_PvEElEEEC1ESE_
FNDA:778,_ZNSt3__120__map_const_iteratorINS_21__tree_const_iteratorINS_12__value_typeINS_12basic_stringIcNS_11char_traitsIcEENS_9allocatorIcEEEEmEEPNS_11__tree_nodeIS9_PvEElEEEC2ESE_
FNDA:552,_ZNKSt3__120__map_const_iteratorINS_21__tree_const_iteratorINS_12__value_typeINS_12basic_stringIcNS_11char_traitsIcEENS_9allocatorIcEEEEmEEPNS_11__tree_nodeIS9_PvEElEEEdeEv
FNDA:552,_ZNSt3__120__map_const_iteratorINS_21__tree_const_iteratorINS_12__value_typeINS_12basic_stringIcNS_11char_traitsIcEENS_9allocatorIcEEEEmEEPNS_11__tree_nodeIS9_PvEElEEEppEv
FNDA:645,_ZNSt3__1neERKNS_20__map_const_iteratorINS_21__tree_const_iteratorINS_12__value_typeINS_12basic_stringIcNS_11char_traitsIcEENS_9allocatorIcEEEEmEEPNS_11__tree_nodeIS9_PvEElEEEESH_
FNDA:54,_ZNSt3__13mapINS_12basic_stringIcNS_11char_traitsIcEENS_9allocatorIcEEEEmNS_4lessIS6_EENS4_INS_4pairIKS6_mEEEEED1Ev
FNDA:54,_ZNSt3__13mapINS_12basic_stringIcNS_11char_traitsIcEENS_9allocatorIcEEEEmNS_4lessIS6_EENS4_INS_4pairIKS6_mEEEEED2Ev
FNDA:22,_ZNSt3__13mapINS_12basic_stringIcNS_11char_traitsIcEENS_9allocatorIcEEEEmNS_4lessIS6_EENS4_INS_4pairIKS6_mEEEEEC1Ev
FNDA:22,_ZNSt3__13mapINS_12basic_stringIcNS_11char_traitsIcEENS_9allocatorIcEEEEmNS_4lessIS6_EENS4_INS_4pairIKS6_mEEEEEC2Ev
FNDA:40,_ZNSt3__13mapINS_12basic_stringIcNS_11char_traitsIcEENS_9allocatorIcEEEEmNS_4lessIS6_EENS4_INS_4pairIKS6_mEEEEEC1ERKSD_
FNDA:40,_ZNSt3__13mapINS_12basic_stringIcNS_11char_traitsIcEENS_9allocatorIcEEEEmNS_4lessIS6_EENS4_INS_4pairIKS6_mEEEEEC2ERKSD_
FNDA:40,_ZNKSt3__13mapINS_12basic_stringIcNS_11char_traitsIcEENS_9allocatorIcEEEEmNS_4lessIS6_EENS4_INS_4pairIKS6_mEEEEE5beginEv
FNDA:133,_ZNKSt3__13mapINS_12basic_stringIcNS_11char_traitsIcEENS_9allocatorIcEEEEmNS_4lessIS6_EENS4_INS_4pairIKS6_mEEEEE3endEv
FNDA:40,_ZNKSt3__13mapINS_12basic_stringIcNS_11char_traitsIcEENS_9allocatorIcEEEEmNS_4lessIS6_EENS4_INS_4pairIKS6_mEEEEE4cendEv
FNDA:552,_ZNSt3__13mapINS_12basic_stringIcNS_11char_traitsIcEENS_9allocatorIcEEEEmNS_4lessIS6_EENS4_INS_4pairIKS6_mEEEEE6insertENS_20__map_const_iteratorINS_21__tree_const_iteratorINS_12__value_typeIS6_mEEPNS_11__tree_nodeISH_PvEElEEEERKSB_
FNDA:40,_ZNSt3__13mapINS_12basic_stringIcNS_11char_traitsIcEENS_9allocatorIcEEEEmNS_4lessIS6_EENS4_INS_4pairIKS6_mEEEEE6insertINS_20__map_const_iteratorINS_21__tree_const_iteratorINS_12__value_typeIS6_mEEPNS_11__tree_nodeISI_PvEElEEEEEEvT_SP_
FNDA:16,_ZNSt3__13mapINS_12basic_stringIcNS_11char_traitsIcEENS_9allocatorIcEEEEmNS_4lessIS6_EENS4_INS_4pairIKS6_mEEEEE5clearEv
FNDA:53,_ZNKSt3__13mapINS_12basic_stringIcNS_11char_traitsIcEENS_9allocatorIcEEEEmNS_4lessIS6_EENS4_INS_4pairIKS6_mEEEEE4findERSA_
FNDA:246,_ZNSt3__13mapINS_12basic_stringIcNS_11char_traitsIcEENS_9allocatorIcEEEEmNS_4lessIS6_EENS4_INS_4pairIKS6_mEEEEEixERSA_
FNDA:53,_ZNKSt3__13mapINS_12basic_stringIcNS_11char_traitsIcEENS_9allocatorIcEEEEmNS_4lessIS6_EENS4_INS_4pairIKS6_mEEEEE2atERSA_
FNF:28
FNH:28
DA:483,44
DA:491,1236
DA:494,990
DA:648,1713
DA:658,2778
DA:769,1104
DA:828,1556
DA:835,552
DA:840,552
DA:864,645
DA:873,108
DA:936,44
DA:976,40
DA:977,40
DA:978,40
DA:979,80
DA:1061,40
DA:1065,133
DA:1082,40
DA:1144,552
DA:1164,1184
DA:1165,552
DA:1166,40
DA:1275,16
DA:1314,53
DA:1421,984
DA:1423,246
DA:1424,738
DA:1488,53
DA:1490,53
DA:1491,0
DA:1493,53
DA:1494,0
LF:33
LH:31
end_of_record
SF:/Library/Developer/CommandLineTools/usr/include/c++/v1/math.h
FN:461,_ZL14__libcpp_isinfIfEbT_
FN:489,_ZL5isinff
FN:509,_ZL14__libcpp_isnanIfEbT_
FN:533,_ZL5isnanf
FNDA:0,_ZL14__libcpp_isinfIfEbT_
FNDA:0,_ZL5isinff
FNDA:561,_ZL14__libcpp_isnanIfEbT_
FNDA:561,_ZL5isnanf
FNF:4
FNH:2
DA:463,0
DA:489,0
DA:511,1122
DA:533,561
LF:4
LH:2
end_of_record
SF:/Library/Developer/CommandLineTools/usr/include/c++/v1/memory
FN:987,_ZNSt3__114pointer_traitsIPKcE10pointer_toERS1_
FN:987,_ZNSt3__114pointer_traitsIPNS_12__value_typeINS_12basic_stringIcNS_11char_traitsIcEENS_9allocatorIcEEEEmEEE10pointer_toERS8_
FN:987,_ZNSt3__114pointer_traitsIPKNS_12__value_typeINS_12basic_stringIcNS_11char_traitsIcEENS_9allocatorIcEEEEmEEE10pointer_toERS9_
FN:987,_ZNSt3__114pointer_traitsIPcE10pointer_toERc
FN:987,_ZNSt3__114pointer_traitsIPNS_15__tree_end_nodeIPNS_16__tree_node_baseIPvEEEEE10pointer_toERS6_
FN:1105,_ZNSt3__1L16__to_raw_pointerIcEEPT_S2_
FN:1105,_ZNSt3__1L16__to_raw_pointerIKcEEPT_S3_
FN:1105,_ZNSt3__1L16__to_raw_pointerIfEEPT_S2_
FN:1105,_ZNSt3__1L16__to_raw_pointerINS_6vectorINS_12basic_stringIcNS_11char_traitsIcEENS_9allocatorIcEEEENS5_IS7_EEEEEEPT_SB_
FN:1105,_ZNSt3__1L16__to_raw_pointerINS_12basic_stringIcNS_11char_traitsIcEENS_9allocatorIcEEEEEEPT_S8_
FN:1545,_ZNSt3__116allocator_traitsINS_9allocatorIfEEE8allocateERS2_m
FN:1545,_ZNSt3__116allocator_traitsINS_9allocatorINS_11__tree_nodeINS_12__value_typeINS_12basic_stringIcNS_11char_traitsIcEENS1_IcEEEEmEEPvEEEEE8allocateERSC_m
FN:1545,_ZNSt3__116allocator_traitsINS_9allocatorINS_12basic_stringIcNS_11char_traitsIcEENS1_IcEEEEEEE8allocateERS7_m
FN:1545,_ZNSt3__116allocator_traitsINS_9allocatorINS_6vectorINS_12basic_stringIcNS_11char_traitsIcEENS1_IcEEEENS1_IS7_EEEEEEE8allocateERSA_m
FN:1545,_ZNSt3__116allocator_traitsINS_9allocatorIcEEE8allocateERS2_m
FN:1553,_ZNSt3__116allocator_traitsINS_9allocatorINS_12basic_stringIcNS_11char_traitsIcEENS1_IcEEEEEEE10deallocateERS7_PS6_m
FN:1553,_ZNSt3__116allocator_traitsINS_9allocatorINS_11__tree_nodeINS_12__value_typeINS_12basic_stringIcNS_11char_traitsIcEENS1_IcEEEEmEEPvEEEEE10deallocateERSC_PSB_m
FN:1553,_ZNSt3__116allocator_traitsINS_9allocatorINS_6vectorINS_12basic_stringIcNS_11char_traitsIcEENS1_IcEEEENS1_IS7_EEEEEEE10deallocateERSA_PS9_m
[...]
FNDA:292,_ZNSt3__16vectorIfNS_9allocatorIfEEE24__RAII_IncreaseAnnotator6__doneEv
FNDA:67,_ZNSt3__16vectorINS_12basic_stringIcNS_11char_traitsIcEENS_9allocatorIcEEEENS4_IS6_EEE26__swap_out_circular_bufferERNS_14__split_bufferIS6_RS7_EE
FNDA:41,_ZNSt3__16vectorINS0_INS_12basic_stringIcNS_11char_traitsIcEENS_9allocatorIcEEEENS4_IS6_EEEENS4_IS8_EEE26__swap_out_circular_bufferERNS_14__split_bufferIS8_RS9_EE
FNDA:235,_ZNSt3__16vectorIfNS_9allocatorIfEEE26__swap_out_circular_bufferERNS_14__split_bufferIfRS2_EE
FNDA:24,_ZNSt3__16vectorIcNS_9allocatorIcEEE11__vallocateEm
FNDA:467,_ZNSt3__16vectorINS_12basic_stringIcNS_11char_traitsIcEENS_9allocatorIcEEEENS4_IS6_EEE11__vallocateEm
FNDA:20,_ZNSt3__16vectorINS0_INS_12basic_stringIcNS_11char_traitsIcEENS_9allocatorIcEEEENS4_IS6_EEEENS4_IS8_EEE11__vallocateEm
FNDA:24,_ZNKSt3__16vectorIcNS_9allocatorIcEEE8max_sizeEv
FNDA:534,_ZNKSt3__16vectorINS_12basic_stringIcNS_11char_traitsIcEENS_9allocatorIcEEEENS4_IS6_EEE8max_sizeEv
FNDA:61,_ZNKSt3__16vectorINS0_INS_12basic_stringIcNS_11char_traitsIcEENS_9allocatorIcEEEENS4_IS6_EEEENS4_IS8_EEE8max_sizeEv
FNDA:235,_ZNKSt3__16vectorIfNS_9allocatorIfEEE8max_sizeEv
FNDA:67,_ZNKSt3__16vectorINS_12basic_stringIcNS_11char_traitsIcEENS_9allocatorIcEEEENS4_IS6_EEE11__recommendEm
FNDA:41,_ZNKSt3__16vectorINS0_INS_12basic_stringIcNS_11char_traitsIcEENS_9allocatorIcEEEENS4_IS6_EEEENS4_IS8_EEE11__recommendEm
FNDA:235,_ZNKSt3__16vectorIfNS_9allocatorIfEEE11__recommendEm
FNDA:8,_ZNSt3__16vectorIcNS_9allocatorIcEEE18__construct_at_endEm
FNDA:0,_ZNSt3__16vectorINS_12basic_stringIcNS_11char_traitsIcEENS_9allocatorIcEEEENS4_IS6_EEE18__construct_at_endEm
FNDA:0,_ZNSt3__16vectorIfNS_9allocatorIfEEE18__construct_at_endEm
FNDA:8,_ZNSt3__16vectorIcNS_9allocatorIcEEE18__construct_at_endEmRKc
FNDA:8,_ZNSt3__16vectorIcNS_9allocatorIcEEE18__construct_at_endIPKcEENS_9enable_ifIXsr21__is_forward_iteratorIT_EE5valueEvE4typeES8_S8_m
FNDA:7,_ZNSt3__16vectorINS_12basic_stringIcNS_11char_traitsIcEENS_9allocatorIcEEEENS4_IS6_EEE18__construct_at_endINS_11__wrap_iterIPS6_EEEENS_9enable_ifIXsr21__is_forward_iteratorIT_EE5valueEvE4typeESE_SE_m
FNDA:20,_ZNSt3__16vectorINS0_INS_12basic_stringIcNS_11char_traitsIcEENS_9allocatorIcEEEENS4_IS6_EEEENS4_IS8_EEE18__construct_at_endIPS8_EENS_9enable_ifIXsr21__is_forward_iteratorIT_EE5valueEvE4typeESE_SE_m
FNDA:8,_ZNSt3__16vectorINS_12basic_stringIcNS_11char_traitsIcEENS_9allocatorIcEEEENS4_IS6_EEE18__construct_at_endIPKS6_EENS_9enable_ifIXsr21__is_forward_iteratorIT_EE5valueEvE4typeESD_SD_m
FNDA:452,_ZNSt3__16vectorINS_12basic_stringIcNS_11char_traitsIcEENS_9allocatorIcEEEENS4_IS6_EEE18__construct_at_endIPS6_EENS_9enable_ifIXsr21__is_forward_iteratorIT_EE5valueEvE4typeESC_SC_m
FNDA:0,_ZNSt3__16vectorINS_12basic_stringIcNS_11char_traitsIcEENS_9allocatorIcEEEENS4_IS6_EEE8__appendEm
FNDA:0,_ZNSt3__16vectorIfNS_9allocatorIfEEE8__appendEm
FNDA:8,_ZNSt3__16vectorIcNS_9allocatorIcEEEC1Em
FNDA:8,_ZNSt3__16vectorIcNS_9allocatorIcEEEC2Em
FNDA:8,_ZNSt3__16vectorIcNS_9allocatorIcEEEC1EmRKc
FNDA:8,_ZNSt3__16vectorIcNS_9allocatorIcEEEC2EmRKc
FNDA:8,_ZNSt3__16vectorINS_12basic_stringIcNS_11char_traitsIcEENS_9allocatorIcEEEENS4_IS6_EEEC1INS_11__wrap_iterIPS6_EEEET_NS_9enable_ifIXaasr21__is_forward_iteratorISD_EE5valuesr16is_constructibleIS6_NS_15iterator_traitsISD_E9referenceEEE5valueESD_E4typeE
FNDA:8,_ZNSt3__16vectorINS_12basic_stringIcNS_11char_traitsIcEENS_9allocatorIcEEEENS4_IS6_EEEC2INS_11__wrap_iterIPS6_EEEET_NS_9enable_ifIXaasr21__is_forward_iteratorISD_EE5valuesr16is_constructibleIS6_NS_15iterator_traitsISD_E9referenceEEE5valueESD_E4typeE
FNDA:452,_ZNSt3__16vectorINS_12basic_stringIcNS_11char_traitsIcEENS_9allocatorIcEEEENS4_IS6_EEEC1ERKS8_
FNDA:20,_ZNSt3__16vectorINS0_INS_12basic_stringIcNS_11char_traitsIcEENS_9allocatorIcEEEENS4_IS6_EEEENS4_IS8_EEEC1ERKSA_
FNDA:20,_ZNSt3__16vectorINS0_INS_12basic_stringIcNS_11char_traitsIcEENS_9allocatorIcEEEENS4_IS6_EEEENS4_IS8_EEEC2ERKSA_
FNDA:452,_ZNSt3__16vectorINS_12basic_stringIcNS_11char_traitsIcEENS_9allocatorIcEEEENS4_IS6_EEEC2ERKS8_
FNDA:160,_ZNSt3__16vectorINS_12basic_stringIcNS_11char_traitsIcEENS_9allocatorIcEEEENS4_IS6_EEEC1EOS8_
FNDA:160,_ZNSt3__16vectorINS_12basic_stringIcNS_11char_traitsIcEENS_9allocatorIcEEEENS4_IS6_EEEC2EOS8_
FNDA:8,_ZNSt3__16vectorINS_12basic_stringIcNS_11char_traitsIcEENS_9allocatorIcEEEENS4_IS6_EEEC1ESt16initializer_listIS6_E
FNDA:8,_ZNSt3__16vectorIcNS_9allocatorIcEEEC1ESt16initializer_listIcE
FNDA:8,_ZNSt3__16vectorIcNS_9allocatorIcEEEC2ESt16initializer_listIcE
FNDA:8,_ZNSt3__16vectorINS_12basic_stringIcNS_11char_traitsIcEENS_9allocatorIcEEEENS4_IS6_EEEC2ESt16initializer_listIS6_E
FNDA:32,_ZNSt3__16vectorINS_12basic_stringIcNS_11char_traitsIcEENS_9allocatorIcEEEENS4_IS6_EEE11__make_iterEPS6_
FNDA:174,_ZNSt3__16vectorINS0_INS_12basic_stringIcNS_11char_traitsIcEENS_9allocatorIcEEEENS4_IS6_EEEENS4_IS8_EEE11__make_iterEPS8_
FNDA:24,_ZNKSt3__16vectorIcNS_9allocatorIcEEE11__make_iterEPKc
FNDA:1313,_ZNKSt3__16vectorINS_12basic_stringIcNS_11char_traitsIcEENS_9allocatorIcEEEENS4_IS6_EEE11__make_iterEPKS6_
FNDA:16,_ZNSt3__16vectorINS_12basic_stringIcNS_11char_traitsIcEENS_9allocatorIcEEEENS4_IS6_EEE5beginEv
FNDA:87,_ZNSt3__16vectorINS0_INS_12basic_stringIcNS_11char_traitsIcEENS_9allocatorIcEEEENS4_IS6_EEEENS4_IS8_EEE5beginEv
FNDA:16,_ZNKSt3__16vectorIcNS_9allocatorIcEEE5beginEv
FNDA:666,_ZNKSt3__16vectorINS_12basic_stringIcNS_11char_traitsIcEENS_9allocatorIcEEEENS4_IS6_EEE5beginEv
FNDA:16,_ZNSt3__16vectorINS_12basic_stringIcNS_11char_traitsIcEENS_9allocatorIcEEEENS4_IS6_EEE3endEv
FNDA:87,_ZNSt3__16vectorINS0_INS_12basic_stringIcNS_11char_traitsIcEENS_9allocatorIcEEEENS4_IS6_EEEENS4_IS8_EEE3endEv
FNDA:8,_ZNKSt3__16vectorIcNS_9allocatorIcEEE3endEv
FNDA:647,_ZNKSt3__16vectorINS_12basic_stringIcNS_11char_traitsIcEENS_9allocatorIcEEEENS4_IS6_EEE3endEv
FNDA:44977,_ZNSt3__16vectorIcNS_9allocatorIcEEEixEm
FNDA:8,_ZNSt3__16vectorINS0_INS_12basic_stringIcNS_11char_traitsIcEENS_9allocatorIcEEEENS4_IS6_EEEENS4_IS8_EEEixEm
FNDA:147,_ZNSt3__16vectorINS_12basic_stringIcNS_11char_traitsIcEENS_9allocatorIcEEEENS4_IS6_EEEixEm
FNDA:810,_ZNSt3__16vectorINS_12basic_stringIcNS_11char_traitsIcEENS_9allocatorIcEEEENS4_IS6_EEE2atEm
FNDA:1026,_ZNSt3__16vectorIfNS_9allocatorIfEEE2atEm
FNDA:16,_ZNSt3__16vectorINS0_INS_12basic_stringIcNS_11char_traitsIcEENS_9allocatorIcEEEENS4_IS6_EEEENS4_IS8_EEE2atEm
FNDA:1271,_ZNKSt3__16vectorINS0_INS_12basic_stringIcNS_11char_traitsIcEENS_9allocatorIcEEEENS4_IS6_EEEENS4_IS8_EEE2atEm
FNDA:38,_ZNSt3__16vectorINS_12basic_stringIcNS_11char_traitsIcEENS_9allocatorIcEEEENS4_IS6_EEE21__push_back_slow_pathIS6_EEvOT_
FNDA:41,_ZNSt3__16vectorINS0_INS_12basic_stringIcNS_11char_traitsIcEENS_9allocatorIcEEEENS4_IS6_EEEENS4_IS8_EEE21__push_back_slow_pathIRKS8_EEvOT_
FNDA:29,_ZNSt3__16vectorINS_12basic_stringIcNS_11char_traitsIcEENS_9allocatorIcEEEENS4_IS6_EEE21__push_back_slow_pathIRKS6_EEvOT_
FNDA:235,_ZNSt3__16vectorIfNS_9allocatorIfEEE21__push_back_slow_pathIRKfEEvOT_
FNDA:147,_ZNSt3__16vectorINS0_INS_12basic_stringIcNS_11char_traitsIcEENS_9allocatorIcEEEENS4_IS6_EEEENS4_IS8_EEE9push_backERKS8_
FNDA:67,_ZNSt3__16vectorINS_12basic_stringIcNS_11char_traitsIcEENS_9allocatorIcEEEENS4_IS6_EEE9push_backERKS6_
FNDA:527,_ZNSt3__16vectorIfNS_9allocatorIfEEE9push_backERKf
FNDA:935,_ZNSt3__16vectorINS_12basic_stringIcNS_11char_traitsIcEENS_9allocatorIcEEEENS4_IS6_EEE9push_backEOS6_
FNDA:6,_ZNSt3__16vectorINS_12basic_stringIcNS_11char_traitsIcEENS_9allocatorIcEEEENS4_IS6_EEE6resizeEm
FNDA:5,_ZNSt3__16vectorIfNS_9allocatorIfEEE6resizeEm
FNDA:49,_ZNSt3__16vectorINS0_INS_12basic_stringIcNS_11char_traitsIcEENS_9allocatorIcEEEENS4_IS6_EEEENS4_IS8_EEE26__invalidate_all_iteratorsEv
FNDA:238,_ZNSt3__16vectorINS_12basic_stringIcNS_11char_traitsIcEENS_9allocatorIcEEEENS4_IS6_EEE26__invalidate_all_iteratorsEv
FNDA:235,_ZNSt3__16vectorIfNS_9allocatorIfEEE26__invalidate_all_iteratorsEv
FNDA:6,_ZNSt3__16vectorINS_12basic_stringIcNS_11char_traitsIcEENS_9allocatorIcEEEENS4_IS6_EEE27__invalidate_iterators_pastEPS6_
FNDA:5,_ZNSt3__16vectorIfNS_9allocatorIfEEE27__invalidate_iterators_pastEPf
FNDA:8,_ZNSt3__1eqIcNS_9allocatorIcEEEEbRKNS_6vectorIT_T0_EES8_
FNDA:14,_ZNSt3__1eqINS_12basic_stringIcNS_11char_traitsIcEENS_9allocatorIcEEEENS4_IS6_EEEEbRKNS_6vectorIT_T0_EESD_
FNDA:14,_ZNSt3__1neINS_12basic_stringIcNS_11char_traitsIcEENS_9allocatorIcEEEENS4_IS6_EEEEbRKNS_6vectorIT_T0_EESD_
FNDA:8,_ZNSt3__1neIcNS_9allocatorIcEEEEbRKNS_6vectorIT_T0_EES8_
FNF:171
FNH:167
DA:298,750
DA:343,532909
DA:346,1326
DA:349,3010
DA:352,3356
DA:355,118
DA:359,632
DA:364,608
DA:367,3356
DA:419,619
DA:420,1059796
DA:421,529279
DA:422,619
DA:423,619
DA:429,118
DA:430,118
DA:431,118
DA:432,118
DA:433,118
DA:448,632
DA:449,632
DA:450,1896
DA:456,594
DA:458,429
DA:459,429
DA:460,429
DA:461,594
DA:464,1034
DA:490,78
DA:491,156
DA:495,156
DA:508,8
DA:512,8
DA:530,8
DA:558,16
DA:650,6361
DA:653,2927
DA:656,203
DA:689,16
DA:692,5548
DA:765,179
DA:766,179
DA:767,179
DA:768,179
DA:769,179
DA:825,11
DA:826,11
DA:827,11
DA:828,11
DA:829,11
DA:856,1387
DA:860,1708
DA:861,854
DA:862,854
DA:866,686
DA:867,343
DA:868,343
DA:880,380
DA:881,190
DA:882,190
DA:903,1052280
DA:904,526140
DA:930,343
DA:931,343
DA:932,343
DA:933,343
DA:934,343
DA:935,343
DA:936,343
DA:937,343
DA:938,343
DA:968,511
DA:969,0
DA:970,511
DA:971,511
DA:972,511
DA:973,511
DA:991,2562
DA:992,854
DA:1001,343
DA:1002,343
DA:1003,0
DA:1004,343
DA:1005,343
DA:1006,0
DA:1007,343
DA:1008,343
DA:1019,8
DA:1020,8
DA:1022,524288
DA:1023,524288
DA:1024,524288
DA:1025,524288
DA:1026,524288
DA:1027,1048576
DA:1028,8
DA:1041,8
DA:1042,8
DA:1044,24
DA:1045,24
DA:1046,24
DA:1047,24
DA:1048,24
DA:1049,48
DA:1050,8
DA:1061,495
DA:1062,495
DA:1063,495
DA:1064,495
DA:1065,495
DA:1075,0
DA:1076,0
DA:1079,0
DA:1080,0
DA:1081,0
DA:1082,0
DA:1083,0
DA:1084,0
DA:1107,16
DA:1111,8
DA:1113,8
DA:1114,8
DA:1115,8
DA:1116,16
DA:1136,16
DA:1140,8
DA:1142,8
DA:1143,8
DA:1144,8
DA:1145,16
DA:1203,16
DA:1207,16
DA:1208,8
DA:1210,7
DA:1211,7
DA:1212,7
DA:1213,16
DA:1237,472
DA:1238,944
DA:1242,472
DA:1243,472
DA:1245,472
DA:1246,472
DA:1247,472
DA:1248,944
DA:1275,160
DA:1276,320
DA:1281,160
DA:1282,160
DA:1283,160
DA:1284,160
DA:1285,320
DA:1315,32
DA:1319,16
DA:1321,16
DA:1322,16
DA:1323,16
DA:1324,32
DA:1483,206
DA:1495,1337
DA:1504,103
DA:1512,682
DA:1520,103
DA:1528,655
DA:1537,45132
DA:1553,1852
DA:1554,0
DA:1555,1852
DA:1562,1271
DA:1563,0
DA:1564,1271
DA:1610,343
DA:1611,343
DA:1613,343
DA:1614,343
DA:1615,343
DA:1616,343
DA:1623,741
DA:1625,436
DA:1626,872
DA:1627,436
DA:1628,436
DA:1629,436
DA:1630,436
DA:1632,305
DA:1633,741
DA:1642,935
DA:1644,897
DA:1645,1794
DA:1646,897
DA:1647,897
DA:1648,897
DA:1649,897
DA:1650,897
DA:1652,38
DA:1653,935
DA:2039,11
DA:2040,11
DA:2041,0
DA:2042,11
DA:2043,11
DA:2044,11
DA:2144,522
DA:2166,11
DA:3342,22
DA:3343,66
DA:3351,22
LF:207
LH:193
end_of_record
SF:/Users/raksha/Downloads/expenses-cpp-repo-test/new/include/rapidcsv.h
FN:59,_ZN8rapidcsv15ConverterParamsC2Ebex
FN:59,_ZN8rapidcsv15ConverterParamsC1Ebex
FN:89,_ZN8rapidcsv12no_converterC1Ev
FN:89,_ZN8rapidcsv12no_converterD2Ev
FN:89,_ZN8rapidcsv12no_converterC2Ev
FN:89,_ZN8rapidcsv12no_converterD1Ev
FN:89,_ZN8rapidcsv12no_converterD0Ev
FN:95,_ZNK8rapidcsv12no_converter4whatEv
FN:115,_ZN8rapidcsv9ConverterIfEC2ERKNS_15ConverterParamsE
FN:115,_ZN8rapidcsv9ConverterIfEC1ERKNS_15ConverterParamsE
FN:153,_ZNK8rapidcsv9ConverterIfE5ToValERKNSt3__112basic_stringIcNS2_11char_traitsIcEENS2_9allocatorIcEEEERf
FN:287,_ZN8rapidcsv11LabelParamsC1Eii
FN:287,_ZN8rapidcsv11LabelParamsC2Eii
FN:321,_ZN8rapidcsv15SeparatorParamsC1Ecbbbb
FN:321,_ZN8rapidcsv15SeparatorParamsC2Ecbbbb
FN:372,_ZN8rapidcsv16LineReaderParamsC1Ebcb
FN:372,_ZN8rapidcsv16LineReaderParamsC2Ebcb
FN:400,_ZN8rapidcsv8DocumentC2ERKS0_
FN:400,_ZN8rapidcsv8DocumentD1Ev
FN:400,_ZN8rapidcsv8DocumentC1ERKS0_
FN:400,_ZN8rapidcsv8DocumentD2Ev
FN:413,_ZN8rapidcsv8DocumentC1ERKNSt3__112basic_stringIcNS1_11char_traitsIcEENS1_9allocatorIcEEEERKNS_11LabelParamsERKNS_15SeparatorParamsERKNS_15ConverterParamsERKNS_16LineReaderParamsE
FN:413,_ZN8rapidcsv8DocumentC2ERKNSt3__112basic_stringIcNS1_11char_traitsIcEENS1_9allocatorIcEEEERKNS_11LabelParamsERKNS_15SeparatorParamsERKNS_15ConverterParamsERKNS_16LineReaderParamsE
FN:528,_ZN8rapidcsv8Document5ClearEv
FN:793,_ZNK8rapidcsv8Document9GetRowIdxERKNSt3__112basic_stringIcNS1_11char_traitsIcEENS1_9allocatorIcEEEE
FN:811,_ZNK8rapidcsv8Document6GetRowIfEENSt3__16vectorIT_NS2_9allocatorIS4_EEEEm
FN:858,_ZNK8rapidcsv8Document6GetRowIfEENSt3__16vectorIT_NS2_9allocatorIS4_EEEERKNS2_12basic_stringIcNS2_11char_traitsIcEENS5_IcEEEE
FN:1279,_ZN8rapidcsv8Document14GetColumnNamesEv
FN:1339,_ZN8rapidcsv8Document11GetRowNamesEv
FN:1356,_ZN8rapidcsv8Document7ReadCsvEv
FN:1364,_ZN8rapidcsv8Document7ReadCsvERNSt3__113basic_istreamIcNS1_11char_traitsIcEEEE
FN:1433,_ZN8rapidcsv8Document8ParseCsvERNSt3__113basic_istreamIcNS1_11char_traitsIcEEEEl
FN:1639,_ZN8rapidcsv8Document4TrimERKNSt3__112basic_stringIcNS1_11char_traitsIcEENS1_9allocatorIcEEEE
FN:1646,_ZZN8rapidcsv8Document4TrimERKNSt3__112basic_stringIcNS1_11char_traitsIcEENS1_9allocatorIcEEEEENKUliE_clEi
FN:1649,_ZZN8rapidcsv8Document4TrimERKNSt3__112basic_stringIcNS1_11char_traitsIcEENS1_9allocatorIcEEEEENKUliE0_clEi
FN:1659,_ZN8rapidcsv8Document7UnquoteERKNSt3__112basic_stringIcNS1_11char_traitsIcEENS1_9allocatorIcEEEE
FN:1695,_ZN8rapidcsv8Document13ReplaceStringERNSt3__112basic_stringIcNS1_11char_traitsIcEENS1_9allocatorIcEEEERKS7_SA_
FNDA:11,_ZN8rapidcsv15ConverterParamsC1Ebex
FNDA:11,_ZN8rapidcsv15ConverterParamsC2Ebex
FNDA:0,_ZN8rapidcsv12no_converterC1Ev
FNDA:0,_ZN8rapidcsv12no_converterD1Ev
FNDA:0,_ZN8rapidcsv12no_converterC2Ev
FNDA:0,_ZN8rapidcsv12no_converterD0Ev
FNDA:0,_ZN8rapidcsv12no_converterD2Ev
FNDA:0,_ZNK8rapidcsv12no_converter4whatEv
FNDA:53,_ZN8rapidcsv9ConverterIfEC1ERKNS_15ConverterParamsE
FNDA:53,_ZN8rapidcsv9ConverterIfEC2ERKNS_15ConverterParamsE
FNDA:532,_ZNK8rapidcsv9ConverterIfE5ToValERKNSt3__112basic_stringIcNS2_11char_traitsIcEENS2_9allocatorIcEEEERf
FNDA:11,_ZN8rapidcsv11LabelParamsC1Eii
FNDA:11,_ZN8rapidcsv11LabelParamsC2Eii
FNDA:11,_ZN8rapidcsv15SeparatorParamsC1Ecbbbb
FNDA:11,_ZN8rapidcsv15SeparatorParamsC2Ecbbbb
FNDA:11,_ZN8rapidcsv16LineReaderParamsC1Ebcb
FNDA:11,_ZN8rapidcsv16LineReaderParamsC2Ebcb
FNDA:24,_ZN8rapidcsv8DocumentD1Ev
FNDA:20,_ZN8rapidcsv8DocumentC1ERKS0_
FNDA:24,_ZN8rapidcsv8DocumentD2Ev
FNDA:20,_ZN8rapidcsv8DocumentC2ERKS0_
FNDA:11,_ZN8rapidcsv8DocumentC1ERKNSt3__112basic_stringIcNS1_11char_traitsIcEENS1_9allocatorIcEEEERKNS_11LabelParamsERKNS_15SeparatorParamsERKNS_15ConverterParamsERKNS_16LineReaderParamsE
FNDA:11,_ZN8rapidcsv8DocumentC2ERKNSt3__112basic_stringIcNS1_11char_traitsIcEENS1_9allocatorIcEEEERKNS_11LabelParamsERKNS_15SeparatorParamsERKNS_15ConverterParamsERKNS_16LineReaderParamsE
FNDA:8,_ZN8rapidcsv8Document5ClearEv
FNDA:53,_ZNK8rapidcsv8Document9GetRowIdxERKNSt3__112basic_stringIcNS1_11char_traitsIcEENS1_9allocatorIcEEEE
FNDA:53,_ZNK8rapidcsv8Document6GetRowIfEENSt3__16vectorIT_NS2_9allocatorIS4_EEEEm
FNDA:53,_ZNK8rapidcsv8Document6GetRowIfEENSt3__16vectorIT_NS2_9allocatorIS4_EEEERKNS2_12basic_stringIcNS2_11char_traitsIcEENS5_IcEEEE
FNDA:8,_ZN8rapidcsv8Document14GetColumnNamesEv
FNDA:6,_ZN8rapidcsv8Document11GetRowNamesEv
FNDA:11,_ZN8rapidcsv8Document7ReadCsvEv
FNDA:8,_ZN8rapidcsv8Document7ReadCsvERNSt3__113basic_istreamIcNS1_11char_traitsIcEEEE
FNDA:8,_ZN8rapidcsv8Document8ParseCsvERNSt3__113basic_istreamIcNS1_11char_traitsIcEEEEl
FNDA:935,_ZN8rapidcsv8Document4TrimERKNSt3__112basic_stringIcNS1_11char_traitsIcEENS1_9allocatorIcEEEE
FNDA:0,_ZZN8rapidcsv8Document4TrimERKNSt3__112basic_stringIcNS1_11char_traitsIcEENS1_9allocatorIcEEEEENKUliE_clEi
FNDA:0,_ZZN8rapidcsv8Document4TrimERKNSt3__112basic_stringIcNS1_11char_traitsIcEENS1_9allocatorIcEEEEENKUliE0_clEi
FNDA:935,_ZN8rapidcsv8Document7UnquoteERKNSt3__112basic_stringIcNS1_11char_traitsIcEENS1_9allocatorIcEEEE
FNDA:2,_ZN8rapidcsv8Document13ReplaceStringERNSt3__112basic_stringIcNS1_11char_traitsIcEENS1_9allocatorIcEEEERKS7_SA_
FNF:37
FNH:29
DA:62,11
DA:63,11
DA:64,11
DA:65,11
DA:66,22
DA:89,0
DA:97,0
DA:116,53
DA:117,53
DA:118,106
DA:157,532
DA:159,0
DA:160,0
DA:162,532
DA:164,0
DA:165,0
DA:167,532
DA:169,0
DA:170,0
DA:172,532
DA:174,0
DA:175,0
DA:177,532
DA:179,0
DA:180,0
DA:182,532
DA:184,0
DA:185,0
DA:187,532
DA:190,0
DA:192,0
DA:196,0
DA:199,5
DA:203,532
DA:205,1059
DA:206,527
DA:208,0
DA:210,0
DA:211,0
DA:213,0
DA:215,0
DA:216,0
DA:218,5
DA:221,5
DA:223,5
DA:227,0
DA:230,10
DA:232,0
DA:234,0
DA:235,0
DA:239,0
DA:241,537
DA:288,11
DA:289,11
DA:290,11
DA:291,22
DA:324,11
DA:325,11
DA:326,11
DA:327,11
DA:328,11
DA:329,11
DA:330,22
DA:375,11
DA:376,11
DA:377,11
DA:378,11
DA:379,22
DA:400,148
DA:413,11
DA:418,11
DA:419,11
DA:420,11
DA:421,11
DA:422,11
DA:423,11
DA:424,11
DA:426,11
DA:427,8
DA:428,25
DA:530,8
DA:531,8
DA:532,8
DA:537,8
DA:795,53
DA:797,53
DA:799,53
DA:801,0
DA:802,0
DA:803,53
DA:813,53
DA:814,53
DA:815,53
DA:816,1952
DA:818,1755
DA:821,532
DA:822,527
DA:823,527
DA:824,580
DA:825,48
DA:826,106
DA:860,53
DA:861,53
DA:863,0
DA:865,53
DA:866,0
DA:1281,8
DA:1283,24
DA:1284,8
DA:1285,8
DA:1288,0
DA:1289,8
DA:1341,6
DA:1342,6
DA:1344,158
DA:1346,146
DA:1348,134
DA:1349,67
DA:1350,73
DA:1351,6
DA:1352,6
DA:1353,12
DA:1358,11
DA:1359,11
DA:1360,11
DA:1361,8
DA:1362,14
DA:1366,8
DA:1367,8
DA:1368,8
DA:1369,8
DA:1412,8
DA:1414,8
DA:1415,8
DA:1416,32
DA:1417,16
DA:1420,8
DA:1421,8
DA:1425,0
DA:1427,8
DA:1429,8
DA:1431,8
DA:1435,8
DA:1436,8
DA:1437,8
DA:1438,8
DA:1439,8
DA:1440,8
DA:1441,8
DA:1443,32
DA:1445,16
DA:1446,8
DA:1447,19008
DA:1449,18992
DA:1451,14
DA:1453,6
DA:1454,6
DA:1455,16
DA:1456,8
DA:1457,18976
DA:1459,764
DA:1461,3056
DA:1462,764
DA:1463,764
DA:1466,0
DA:1468,764
DA:1469,17448
DA:1471,0
DA:1473,0
DA:1474,0
DA:1477,0
DA:1479,0
DA:1480,17448
DA:1482,187
DA:1484,0
DA:1485,0
DA:1488,187
DA:1489,459
DA:1492,16
DA:1495,684
DA:1497,684
DA:1498,342
DA:1501,24
DA:1504,147
DA:1507,171
DA:1508,171
DA:1509,171
DA:1512,187
DA:1515,17074
DA:1517,9496
DA:1518,8
DA:1522,16
DA:1524,0
DA:1525,0
DA:1526,0
DA:1527,0
DA:1528,0
DA:1531,8
DA:1534,16
DA:1535,8
DA:1537,8
DA:1538,420
DA:1540,198
DA:1542,8
DA:1545,16
DA:1546,16
DA:1547,8
DA:1549,8
DA:1550,604
DA:1552,147
DA:1554,441
DA:1555,147
DA:1557,8
DA:1558,8
DA:1641,935
DA:1643,0
DA:1646,0
DA:1649,0
DA:1651,0
DA:1652,0
DA:1655,935
DA:1657,935
DA:1661,2796
DA:1664,2
DA:1667,8
DA:1669,2
DA:1670,2
DA:1673,933
DA:1675,935
DA:1697,2
DA:1699,4
DA:1701,0
DA:1702,0
DA:1704,2
LF:234
LH:180
end_of_record
SF:/Users/raksha/Downloads/expenses-cpp-repo-test/new/src/newexpenses.cpp
FN:22,__cxx_global_var_init
FN:23,__cxx_global_var_init.1
FN:31,_Z6getDocPc
FN:60,_Z12getColHeaderN8rapidcsv8DocumentE
FN:108,_Z12getRowHeaderN8rapidcsv8DocumentE
FN:119,_Z6setAveN8rapidcsv8DocumentENSt3__16vectorINS1_12basic_stringIcNS1_11char_traitsIcEENS1_9allocatorIcEEEENS6_IS8_EEEESA_
FN:183,main
FNDA:13,__cxx_global_var_init
FNDA:13,__cxx_global_var_init.1
FNDA:11,_Z6getDocPc
FNDA:8,_Z12getColHeaderN8rapidcsv8DocumentE
FNDA:6,_Z12getRowHeaderN8rapidcsv8DocumentE
FNDA:6,_Z6setAveN8rapidcsv8DocumentENSt3__16vectorINS1_12basic_stringIcNS1_11char_traitsIcEENS1_9allocatorIcEEEENS6_IS8_EEEESA_
FNDA:13,main
FNF:7
FNH:7
DA:22,26
DA:23,26
DA:35,33
DA:37,11
DA:39,11
DA:41,11
DA:43,11
DA:45,8
DA:46,14
DA:51,18
DA:52,6
DA:53,0
DA:54,0
DA:56,11
DA:63,216
DA:64,8
DA:66,8
DA:68,3
DA:69,0
DA:73,7
DA:76,12
DA:77,6
DA:78,6
DA:82,14
DA:83,156
DA:85,144
DA:87,14
DA:88,7
DA:89,360
DA:93,72
DA:94,6
DA:96,14
DA:98,3
DA:99,0
DA:102,6
DA:103,12
DA:110,12
DA:111,6
DA:112,12
DA:121,12
DA:124,108
DA:127,106
DA:128,48
DA:132,25
DA:133,5
DA:134,5
DA:135,1122
DA:137,1026
DA:139,1026
DA:140,513
DA:143,0
DA:146,513
DA:150,48
DA:152,48
DA:154,432
DA:156,48
DA:159,0
DA:162,48
DA:164,48
DA:165,48
DA:166,4
DA:168,8
DA:172,28
DA:174,4
DA:178,6
DA:179,5
DA:182,11
DA:187,13
DA:189,8
DA:190,8
DA:191,20
DA:192,18
DA:193,30
DA:194,6
DA:197,4
DA:199,10
DA:202,10
DA:203,2
DA:204,8
DA:205,2
LF:80
LH:74
end_of_record
